mode: set
github.com/rassakhatsky/intercom-go-sdk/ai/content.go:20.54,22.2 1 1
github.com/rassakhatsky/intercom-go-sdk/ai/content.go:94.104,96.2 1 1
github.com/rassakhatsky/intercom-go-sdk/ai/content.go:99.85,101.2 1 1
github.com/rassakhatsky/intercom-go-sdk/ai/content.go:104.88,106.2 1 1
github.com/rassakhatsky/intercom-go-sdk/ai/content.go:109.88,111.2 1 1
github.com/rassakhatsky/intercom-go-sdk/ai/content.go:114.78,116.2 1 0
github.com/rassakhatsky/intercom-go-sdk/ai/content.go:119.90,121.2 1 1
github.com/rassakhatsky/intercom-go-sdk/ai/content.go:124.71,126.2 1 1
github.com/rassakhatsky/intercom-go-sdk/ai/content.go:129.74,131.2 1 1
github.com/rassakhatsky/intercom-go-sdk/ai/content.go:134.74,136.2 1 1
github.com/rassakhatsky/intercom-go-sdk/ai/content.go:139.74,141.2 1 1
github.com/rassakhatsky/intercom-go-sdk/ai/content.go:148.119,150.16 2 1
github.com/rassakhatsky/intercom-go-sdk/ai/content.go:150.16,152.3 1 0
github.com/rassakhatsky/intercom-go-sdk/ai/content.go:153.2,153.25 1 1
github.com/rassakhatsky/intercom-go-sdk/ai/content.go:153.25,155.3 1 0
github.com/rassakhatsky/intercom-go-sdk/ai/content.go:156.2,156.52 1 1
github.com/rassakhatsky/intercom-go-sdk/ai/content.go:162.111,164.16 2 1
github.com/rassakhatsky/intercom-go-sdk/ai/content.go:164.16,166.3 1 0
github.com/rassakhatsky/intercom-go-sdk/ai/content.go:167.2,167.25 1 1
github.com/rassakhatsky/intercom-go-sdk/ai/content.go:167.25,169.3 1 1
github.com/rassakhatsky/intercom-go-sdk/ai/content.go:170.2,170.50 1 1
github.com/rassakhatsky/intercom-go-sdk/ai/content.go:176.143,178.16 2 1
github.com/rassakhatsky/intercom-go-sdk/ai/content.go:178.16,180.3 1 0
github.com/rassakhatsky/intercom-go-sdk/ai/content.go:181.2,181.25 1 1
github.com/rassakhatsky/intercom-go-sdk/ai/content.go:181.25,183.3 1 0
github.com/rassakhatsky/intercom-go-sdk/ai/content.go:184.2,184.53 1 1
github.com/rassakhatsky/intercom-go-sdk/ai/content.go:190.154,192.16 2 1
github.com/rassakhatsky/intercom-go-sdk/ai/content.go:192.16,194.3 1 0
github.com/rassakhatsky/intercom-go-sdk/ai/content.go:195.2,195.25 1 1
github.com/rassakhatsky/intercom-go-sdk/ai/content.go:195.25,197.3 1 0
github.com/rassakhatsky/intercom-go-sdk/ai/content.go:198.2,198.53 1 1
github.com/rassakhatsky/intercom-go-sdk/ai/content.go:206.90,208.16 2 1
github.com/rassakhatsky/intercom-go-sdk/ai/content.go:208.16,210.3 1 0
github.com/rassakhatsky/intercom-go-sdk/ai/content.go:211.2,211.25 1 1
github.com/rassakhatsky/intercom-go-sdk/ai/content.go:211.25,213.3 1 0
github.com/rassakhatsky/intercom-go-sdk/ai/content.go:214.2,214.12 1 1
github.com/rassakhatsky/intercom-go-sdk/ai/content.go:222.105,224.16 2 1
github.com/rassakhatsky/intercom-go-sdk/ai/content.go:224.16,226.3 1 0
github.com/rassakhatsky/intercom-go-sdk/ai/content.go:227.2,227.25 1 1
github.com/rassakhatsky/intercom-go-sdk/ai/content.go:227.25,229.3 1 0
github.com/rassakhatsky/intercom-go-sdk/ai/content.go:230.2,230.45 1 1
github.com/rassakhatsky/intercom-go-sdk/ai/content.go:236.97,238.16 2 1
github.com/rassakhatsky/intercom-go-sdk/ai/content.go:238.16,240.3 1 0
github.com/rassakhatsky/intercom-go-sdk/ai/content.go:241.2,241.25 1 1
github.com/rassakhatsky/intercom-go-sdk/ai/content.go:241.25,243.3 1 1
github.com/rassakhatsky/intercom-go-sdk/ai/content.go:244.2,244.43 1 1
github.com/rassakhatsky/intercom-go-sdk/ai/content.go:250.122,252.16 2 1
github.com/rassakhatsky/intercom-go-sdk/ai/content.go:252.16,254.3 1 0
github.com/rassakhatsky/intercom-go-sdk/ai/content.go:255.2,255.25 1 1
github.com/rassakhatsky/intercom-go-sdk/ai/content.go:255.25,257.3 1 0
github.com/rassakhatsky/intercom-go-sdk/ai/content.go:258.2,258.46 1 1
github.com/rassakhatsky/intercom-go-sdk/ai/content.go:264.133,266.16 2 1
github.com/rassakhatsky/intercom-go-sdk/ai/content.go:266.16,268.3 1 0
github.com/rassakhatsky/intercom-go-sdk/ai/content.go:269.2,269.25 1 1
github.com/rassakhatsky/intercom-go-sdk/ai/content.go:269.25,271.3 1 0
github.com/rassakhatsky/intercom-go-sdk/ai/content.go:272.2,272.46 1 1
github.com/rassakhatsky/intercom-go-sdk/ai/content.go:279.100,281.16 2 1
github.com/rassakhatsky/intercom-go-sdk/ai/content.go:281.16,283.3 1 0
github.com/rassakhatsky/intercom-go-sdk/ai/content.go:284.2,284.25 1 1
github.com/rassakhatsky/intercom-go-sdk/ai/content.go:284.25,286.3 1 0
github.com/rassakhatsky/intercom-go-sdk/ai/content.go:287.2,287.46 1 1
github.com/rassakhatsky/intercom-go-sdk/ai/content.go:295.96,297.16 2 1
github.com/rassakhatsky/intercom-go-sdk/ai/content.go:297.16,299.3 1 0
github.com/rassakhatsky/intercom-go-sdk/ai/content.go:300.2,300.33 1 1
github.com/rassakhatsky/intercom-go-sdk/ai/content.go:306.105,308.16 2 1
github.com/rassakhatsky/intercom-go-sdk/ai/content.go:308.16,310.3 1 0
github.com/rassakhatsky/intercom-go-sdk/ai/content.go:311.2,311.33 1 1
github.com/rassakhatsky/intercom-go-sdk/ai/content.go:317.137,319.16 2 1
github.com/rassakhatsky/intercom-go-sdk/ai/content.go:319.16,321.3 1 0
github.com/rassakhatsky/intercom-go-sdk/ai/content.go:322.2,322.33 1 1
github.com/rassakhatsky/intercom-go-sdk/ai/content.go:328.148,330.16 2 1
github.com/rassakhatsky/intercom-go-sdk/ai/content.go:330.16,332.3 1 0
github.com/rassakhatsky/intercom-go-sdk/ai/content.go:333.2,333.33 1 1
github.com/rassakhatsky/intercom-go-sdk/ai/content.go:339.108,341.16 2 1
github.com/rassakhatsky/intercom-go-sdk/ai/content.go:341.16,343.3 1 0
github.com/rassakhatsky/intercom-go-sdk/ai/content.go:344.2,344.33 1 1
github.com/rassakhatsky/intercom-go-sdk/ai/content.go:352.89,354.16 2 1
github.com/rassakhatsky/intercom-go-sdk/ai/content.go:354.16,356.3 1 0
github.com/rassakhatsky/intercom-go-sdk/ai/content.go:357.2,357.33 1 1
github.com/rassakhatsky/intercom-go-sdk/ai/content.go:363.98,365.16 2 1
github.com/rassakhatsky/intercom-go-sdk/ai/content.go:365.16,367.3 1 0
github.com/rassakhatsky/intercom-go-sdk/ai/content.go:368.2,368.33 1 1
github.com/rassakhatsky/intercom-go-sdk/ai/content.go:374.123,376.16 2 1
github.com/rassakhatsky/intercom-go-sdk/ai/content.go:376.16,378.3 1 0
github.com/rassakhatsky/intercom-go-sdk/ai/content.go:379.2,379.33 1 1
github.com/rassakhatsky/intercom-go-sdk/ai/content.go:385.134,387.16 2 1
github.com/rassakhatsky/intercom-go-sdk/ai/content.go:387.16,389.3 1 0
github.com/rassakhatsky/intercom-go-sdk/ai/content.go:390.2,390.33 1 1
github.com/rassakhatsky/intercom-go-sdk/ai/content.go:396.101,398.16 2 1
github.com/rassakhatsky/intercom-go-sdk/ai/content.go:398.16,400.3 1 0
github.com/rassakhatsky/intercom-go-sdk/ai/content.go:401.2,401.33 1 1
github.com/rassakhatsky/intercom-go-sdk/ai/voice.go:19.50,21.2 1 1
github.com/rassakhatsky/intercom-go-sdk/ai/voice.go:48.64,50.2 1 1
github.com/rassakhatsky/intercom-go-sdk/ai/voice.go:53.63,55.2 1 1
github.com/rassakhatsky/intercom-go-sdk/ai/voice.go:58.71,60.2 1 1
github.com/rassakhatsky/intercom-go-sdk/ai/voice.go:63.75,65.2 1 1
github.com/rassakhatsky/intercom-go-sdk/ai/voice.go:68.72,70.2 1 1
github.com/rassakhatsky/intercom-go-sdk/ai/voice.go:77.103,79.16 2 1
github.com/rassakhatsky/intercom-go-sdk/ai/voice.go:79.16,81.3 1 0
github.com/rassakhatsky/intercom-go-sdk/ai/voice.go:82.2,82.25 1 1
github.com/rassakhatsky/intercom-go-sdk/ai/voice.go:82.25,84.3 1 0
github.com/rassakhatsky/intercom-go-sdk/ai/voice.go:85.2,85.36 1 1
github.com/rassakhatsky/intercom-go-sdk/ai/voice.go:91.84,93.16 2 1
github.com/rassakhatsky/intercom-go-sdk/ai/voice.go:93.16,95.3 1 0
github.com/rassakhatsky/intercom-go-sdk/ai/voice.go:96.2,96.25 1 1
github.com/rassakhatsky/intercom-go-sdk/ai/voice.go:96.25,98.3 1 1
github.com/rassakhatsky/intercom-go-sdk/ai/voice.go:99.2,99.35 1 1
github.com/rassakhatsky/intercom-go-sdk/ai/voice.go:105.103,107.16 2 1
github.com/rassakhatsky/intercom-go-sdk/ai/voice.go:107.16,109.3 1 0
github.com/rassakhatsky/intercom-go-sdk/ai/voice.go:110.2,110.25 1 1
github.com/rassakhatsky/intercom-go-sdk/ai/voice.go:110.25,112.3 1 0
github.com/rassakhatsky/intercom-go-sdk/ai/voice.go:113.2,113.43 1 1
github.com/rassakhatsky/intercom-go-sdk/ai/voice.go:119.110,121.16 2 1
github.com/rassakhatsky/intercom-go-sdk/ai/voice.go:121.16,123.3 1 0
github.com/rassakhatsky/intercom-go-sdk/ai/voice.go:124.2,124.25 1 1
github.com/rassakhatsky/intercom-go-sdk/ai/voice.go:124.25,126.3 1 0
github.com/rassakhatsky/intercom-go-sdk/ai/voice.go:127.2,128.16 2 1
github.com/rassakhatsky/intercom-go-sdk/ai/voice.go:128.16,130.3 1 0
github.com/rassakhatsky/intercom-go-sdk/ai/voice.go:131.2,131.19 1 1
github.com/rassakhatsky/intercom-go-sdk/ai/voice.go:137.105,139.16 2 1
github.com/rassakhatsky/intercom-go-sdk/ai/voice.go:139.16,141.3 1 0
github.com/rassakhatsky/intercom-go-sdk/ai/voice.go:142.2,142.25 1 1
github.com/rassakhatsky/intercom-go-sdk/ai/voice.go:142.25,144.3 1 0
github.com/rassakhatsky/intercom-go-sdk/ai/voice.go:145.2,145.44 1 1
github.com/rassakhatsky/intercom-go-sdk/ai/voice.go:153.104,155.16 2 1
github.com/rassakhatsky/intercom-go-sdk/ai/voice.go:155.16,157.3 1 0
github.com/rassakhatsky/intercom-go-sdk/ai/voice.go:158.2,158.37 1 1
github.com/rassakhatsky/intercom-go-sdk/ai/voice.go:164.85,166.16 2 1
github.com/rassakhatsky/intercom-go-sdk/ai/voice.go:166.16,168.3 1 0
github.com/rassakhatsky/intercom-go-sdk/ai/voice.go:169.2,169.37 1 1
github.com/rassakhatsky/intercom-go-sdk/ai/voice.go:175.104,177.16 2 1
github.com/rassakhatsky/intercom-go-sdk/ai/voice.go:177.16,179.3 1 0
github.com/rassakhatsky/intercom-go-sdk/ai/voice.go:180.2,180.37 1 1
github.com/rassakhatsky/intercom-go-sdk/ai/voice.go:186.110,188.16 2 1
github.com/rassakhatsky/intercom-go-sdk/ai/voice.go:188.16,190.3 1 0
github.com/rassakhatsky/intercom-go-sdk/ai/voice.go:191.2,191.37 1 1
github.com/rassakhatsky/intercom-go-sdk/ai/voice.go:197.106,199.16 2 1
github.com/rassakhatsky/intercom-go-sdk/ai/voice.go:199.16,201.3 1 0
github.com/rassakhatsky/intercom-go-sdk/ai/voice.go:202.2,202.37 1 1
github.com/rassakhatsky/intercom-go-sdk/api/errors.go:59.40,60.14 1 1
github.com/rassakhatsky/intercom-go-sdk/api/errors.go:60.14,62.3 1 1
github.com/rassakhatsky/intercom-go-sdk/api/errors.go:63.2,63.23 1 1
github.com/rassakhatsky/intercom-go-sdk/api/errors.go:63.23,65.3 1 1
github.com/rassakhatsky/intercom-go-sdk/api/errors.go:66.2,66.23 1 1
github.com/rassakhatsky/intercom-go-sdk/api/errors.go:66.23,67.22 1 1
github.com/rassakhatsky/intercom-go-sdk/api/errors.go:67.22,69.4 1 1
github.com/rassakhatsky/intercom-go-sdk/api/errors.go:70.3,70.46 1 1
github.com/rassakhatsky/intercom-go-sdk/api/errors.go:72.2,72.28 1 1
github.com/rassakhatsky/intercom-go-sdk/api/errors.go:76.59,77.14 1 1
github.com/rassakhatsky/intercom-go-sdk/api/errors.go:77.14,79.3 1 1
github.com/rassakhatsky/intercom-go-sdk/api/errors.go:80.2,80.34 1 1
github.com/rassakhatsky/intercom-go-sdk/api/errors.go:80.34,81.26 1 1
github.com/rassakhatsky/intercom-go-sdk/api/errors.go:81.26,83.4 1 1
github.com/rassakhatsky/intercom-go-sdk/api/errors.go:85.2,85.14 1 1
github.com/rassakhatsky/intercom-go-sdk/api/errors.go:90.35,91.32 1 1
github.com/rassakhatsky/intercom-go-sdk/api/errors.go:91.32,93.3 1 1
github.com/rassakhatsky/intercom-go-sdk/api/errors.go:94.2,101.55 2 1
github.com/rassakhatsky/intercom-go-sdk/api/errors.go:101.55,103.3 1 1
github.com/rassakhatsky/intercom-go-sdk/api/errors.go:104.2,104.67 1 1
github.com/rassakhatsky/intercom-go-sdk/api/errors.go:104.67,106.3 1 1
github.com/rassakhatsky/intercom-go-sdk/api/errors.go:107.2,107.16 1 1
github.com/rassakhatsky/intercom-go-sdk/api/errors.go:112.55,118.71 5 1
github.com/rassakhatsky/intercom-go-sdk/api/errors.go:118.71,120.3 1 1
github.com/rassakhatsky/intercom-go-sdk/api/errors.go:122.2,123.47 2 1
github.com/rassakhatsky/intercom-go-sdk/api/errors.go:123.47,125.3 1 1
github.com/rassakhatsky/intercom-go-sdk/api/errors.go:126.2,126.51 1 1
github.com/rassakhatsky/intercom-go-sdk/api/errors.go:126.51,128.3 1 1
github.com/rassakhatsky/intercom-go-sdk/api/errors.go:129.2,129.59 1 1
github.com/rassakhatsky/intercom-go-sdk/api/errors.go:129.59,131.3 1 1
github.com/rassakhatsky/intercom-go-sdk/api/errors.go:132.2,132.52 1 1
github.com/rassakhatsky/intercom-go-sdk/api/errors.go:132.52,134.3 1 1
github.com/rassakhatsky/intercom-go-sdk/api/errors.go:135.2,135.13 1 1
github.com/rassakhatsky/intercom-go-sdk/api/errors.go:139.33,141.2 1 1
github.com/rassakhatsky/intercom-go-sdk/api/errors.go:144.36,146.2 1 1
github.com/rassakhatsky/intercom-go-sdk/api/errors.go:149.37,151.2 1 1
github.com/rassakhatsky/intercom-go-sdk/api/errors.go:154.35,156.2 1 1
github.com/rassakhatsky/intercom-go-sdk/api/errors.go:159.34,161.2 1 1
github.com/rassakhatsky/intercom-go-sdk/api/errors.go:164.33,166.2 1 1
github.com/rassakhatsky/intercom-go-sdk/api/errors.go:169.44,171.2 1 1
github.com/rassakhatsky/intercom-go-sdk/api/errors.go:174.36,176.30 2 1
github.com/rassakhatsky/intercom-go-sdk/api/errors.go:176.30,178.3 1 1
github.com/rassakhatsky/intercom-go-sdk/api/errors.go:179.2,179.14 1 1
github.com/rassakhatsky/intercom-go-sdk/api/errors.go:182.46,184.30 2 1
github.com/rassakhatsky/intercom-go-sdk/api/errors.go:184.30,186.3 1 1
github.com/rassakhatsky/intercom-go-sdk/api/errors.go:187.2,187.14 1 1
github.com/rassakhatsky/intercom-go-sdk/api/pagination.go:58.94,59.17 1 1
github.com/rassakhatsky/intercom-go-sdk/api/pagination.go:59.17,61.3 1 1
github.com/rassakhatsky/intercom-go-sdk/api/pagination.go:62.2,68.3 2 1
github.com/rassakhatsky/intercom-go-sdk/api/pagination.go:74.32,75.13 1 1
github.com/rassakhatsky/intercom-go-sdk/api/pagination.go:75.13,77.3 1 0
github.com/rassakhatsky/intercom-go-sdk/api/pagination.go:80.2,80.20 1 1
github.com/rassakhatsky/intercom-go-sdk/api/pagination.go:80.20,82.35 2 1
github.com/rassakhatsky/intercom-go-sdk/api/pagination.go:82.35,85.4 2 1
github.com/rassakhatsky/intercom-go-sdk/api/pagination.go:88.3,88.74 1 1
github.com/rassakhatsky/intercom-go-sdk/api/pagination.go:88.74,91.4 2 1
github.com/rassakhatsky/intercom-go-sdk/api/pagination.go:92.3,92.59 1 1
github.com/rassakhatsky/intercom-go-sdk/api/pagination.go:96.2,97.16 2 1
github.com/rassakhatsky/intercom-go-sdk/api/pagination.go:97.16,101.3 3 1
github.com/rassakhatsky/intercom-go-sdk/api/pagination.go:103.2,106.25 3 1
github.com/rassakhatsky/intercom-go-sdk/api/pagination.go:106.25,109.3 2 1
github.com/rassakhatsky/intercom-go-sdk/api/pagination.go:111.2,112.13 2 1
github.com/rassakhatsky/intercom-go-sdk/api/pagination.go:116.32,118.2 1 1
github.com/rassakhatsky/intercom-go-sdk/api/pagination.go:121.32,123.2 1 1
github.com/rassakhatsky/intercom-go-sdk/api/pagination.go:128.43,130.16 2 1
github.com/rassakhatsky/intercom-go-sdk/api/pagination.go:130.16,132.3 1 1
github.com/rassakhatsky/intercom-go-sdk/api/pagination.go:133.2,133.18 1 1
github.com/rassakhatsky/intercom-go-sdk/api/pagination.go:133.18,135.3 1 1
github.com/rassakhatsky/intercom-go-sdk/api/pagination.go:136.2,136.24 1 1
github.com/rassakhatsky/intercom-go-sdk/api/pagination.go:143.52,144.16 1 1
github.com/rassakhatsky/intercom-go-sdk/api/pagination.go:144.16,145.42 1 1
github.com/rassakhatsky/intercom-go-sdk/api/pagination.go:145.42,147.4 1 1
github.com/rassakhatsky/intercom-go-sdk/api/pagination.go:149.2,149.17 1 1
github.com/rassakhatsky/intercom-go-sdk/api/pagination.go:153.51,155.2 1 1
github.com/rassakhatsky/intercom-go-sdk/api/query.go:11.61,12.17 1 1
github.com/rassakhatsky/intercom-go-sdk/api/query.go:12.17,14.3 1 1
github.com/rassakhatsky/intercom-go-sdk/api/query.go:16.2,17.16 2 1
github.com/rassakhatsky/intercom-go-sdk/api/query.go:17.16,19.3 1 1
github.com/rassakhatsky/intercom-go-sdk/api/query.go:21.2,21.22 1 1
github.com/rassakhatsky/intercom-go-sdk/api/query.go:21.22,23.3 1 1
github.com/rassakhatsky/intercom-go-sdk/api/query.go:25.2,26.16 2 1
github.com/rassakhatsky/intercom-go-sdk/api/query.go:26.16,28.3 1 0
github.com/rassakhatsky/intercom-go-sdk/api/query.go:29.2,30.28 2 1
github.com/rassakhatsky/intercom-go-sdk/api/query.go:30.28,31.24 1 1
github.com/rassakhatsky/intercom-go-sdk/api/query.go:31.24,33.4 1 1
github.com/rassakhatsky/intercom-go-sdk/api/query.go:35.2,36.24 2 1
github.com/rassakhatsky/intercom-go-sdk/api/result.go:34.38,35.14 1 1
github.com/rassakhatsky/intercom-go-sdk/api/result.go:35.14,37.3 1 1
github.com/rassakhatsky/intercom-go-sdk/api/result.go:38.2,38.18 1 1
github.com/rassakhatsky/intercom-go-sdk/api/result.go:38.18,40.3 1 1
github.com/rassakhatsky/intercom-go-sdk/api/result.go:41.2,41.21 1 1
github.com/rassakhatsky/intercom-go-sdk/api/result.go:41.21,43.3 1 1
github.com/rassakhatsky/intercom-go-sdk/api/result.go:44.2,44.28 1 1
github.com/rassakhatsky/intercom-go-sdk/api/result.go:53.43,54.14 1 1
github.com/rassakhatsky/intercom-go-sdk/api/result.go:54.14,56.3 1 1
github.com/rassakhatsky/intercom-go-sdk/api/result.go:57.2,57.22 1 1
github.com/rassakhatsky/intercom-go-sdk/api/result.go:57.22,58.48 1 1
github.com/rassakhatsky/intercom-go-sdk/api/result.go:58.48,60.4 1 1
github.com/rassakhatsky/intercom-go-sdk/api/result.go:61.3,61.83 1 1
github.com/rassakhatsky/intercom-go-sdk/api/result.go:63.2,64.54 2 1
github.com/rassakhatsky/intercom-go-sdk/api/result.go:64.54,66.3 1 1
github.com/rassakhatsky/intercom-go-sdk/api/result.go:67.2,67.19 1 1
github.com/rassakhatsky/intercom-go-sdk/api/result.go:72.60,74.52 2 1
github.com/rassakhatsky/intercom-go-sdk/api/result.go:74.52,76.3 1 1
github.com/rassakhatsky/intercom-go-sdk/api/result.go:78.2,85.28 2 1
github.com/rassakhatsky/intercom-go-sdk/api/result.go:85.28,87.20 2 1
github.com/rassakhatsky/intercom-go-sdk/api/result.go:87.20,88.59 1 1
github.com/rassakhatsky/intercom-go-sdk/api/result.go:88.59,90.5 1 1
github.com/rassakhatsky/intercom-go-sdk/api/result.go:92.3,92.32 1 1
github.com/rassakhatsky/intercom-go-sdk/api/result.go:92.32,95.4 2 1
github.com/rassakhatsky/intercom-go-sdk/api/result.go:95.9,95.54 1 1
github.com/rassakhatsky/intercom-go-sdk/api/result.go:95.54,97.4 1 1
github.com/rassakhatsky/intercom-go-sdk/api/result.go:98.3,98.28 1 1
github.com/rassakhatsky/intercom-go-sdk/api/result.go:101.2,101.15 1 1
github.com/rassakhatsky/intercom-go-sdk/api/search.go:52.73,58.2 1 1
github.com/rassakhatsky/intercom-go-sdk/api/search.go:61.38,66.2 1 1
github.com/rassakhatsky/intercom-go-sdk/api/search.go:69.37,74.2 1 1
github.com/rassakhatsky/intercom-go-sdk/intercom.go:87.51,88.25 1 1
github.com/rassakhatsky/intercom-go-sdk/intercom.go:88.25,90.3 1 1
github.com/rassakhatsky/intercom-go-sdk/intercom.go:94.44,95.25 1 1
github.com/rassakhatsky/intercom-go-sdk/intercom.go:95.25,97.3 1 1
github.com/rassakhatsky/intercom-go-sdk/intercom.go:101.41,102.25 1 1
github.com/rassakhatsky/intercom-go-sdk/intercom.go:102.25,103.33 1 1
github.com/rassakhatsky/intercom-go-sdk/intercom.go:103.33,105.4 1 1
github.com/rassakhatsky/intercom-go-sdk/intercom.go:106.3,106.16 1 1
github.com/rassakhatsky/intercom-go-sdk/intercom.go:112.60,113.36 1 1
github.com/rassakhatsky/intercom-go-sdk/intercom.go:113.36,114.58 1 1
github.com/rassakhatsky/intercom-go-sdk/intercom.go:116.2,122.27 2 1
github.com/rassakhatsky/intercom-go-sdk/intercom.go:122.27,124.3 1 1
github.com/rassakhatsky/intercom-go-sdk/intercom.go:125.2,126.10 2 1
github.com/rassakhatsky/intercom-go-sdk/intercom.go:130.31,165.2 34 1
github.com/rassakhatsky/intercom-go-sdk/intercom.go:168.52,170.2 1 1
github.com/rassakhatsky/intercom-go-sdk/intercom.go:173.49,175.2 1 1
github.com/rassakhatsky/intercom-go-sdk/intercom.go:178.47,180.2 1 1
github.com/rassakhatsky/intercom-go-sdk/intercom.go:183.39,185.2 1 1
github.com/rassakhatsky/intercom-go-sdk/intercom.go:188.61,190.2 1 1
github.com/rassakhatsky/intercom-go-sdk/intercom.go:193.51,195.2 1 1
github.com/rassakhatsky/intercom-go-sdk/intercom.go:198.39,200.2 1 1
github.com/rassakhatsky/intercom-go-sdk/intercom.go:203.56,205.2 1 1
github.com/rassakhatsky/intercom-go-sdk/intercom.go:208.52,210.2 1 1
github.com/rassakhatsky/intercom-go-sdk/intercom.go:213.70,215.2 1 1
github.com/rassakhatsky/intercom-go-sdk/intercom.go:218.51,220.2 1 1
github.com/rassakhatsky/intercom-go-sdk/intercom.go:223.61,225.2 1 1
github.com/rassakhatsky/intercom-go-sdk/intercom.go:228.71,230.2 1 1
github.com/rassakhatsky/intercom-go-sdk/intercom.go:233.47,235.2 1 1
github.com/rassakhatsky/intercom-go-sdk/intercom.go:238.49,240.2 1 1
github.com/rassakhatsky/intercom-go-sdk/intercom.go:243.51,245.2 1 1
github.com/rassakhatsky/intercom-go-sdk/intercom.go:248.59,250.2 1 1
github.com/rassakhatsky/intercom-go-sdk/intercom.go:253.55,255.2 1 1
github.com/rassakhatsky/intercom-go-sdk/intercom.go:258.49,260.2 1 1
github.com/rassakhatsky/intercom-go-sdk/intercom.go:263.43,265.2 1 1
github.com/rassakhatsky/intercom-go-sdk/intercom.go:268.47,270.2 1 1
github.com/rassakhatsky/intercom-go-sdk/intercom.go:273.71,275.2 1 1
github.com/rassakhatsky/intercom-go-sdk/intercom.go:278.41,280.2 1 1
github.com/rassakhatsky/intercom-go-sdk/intercom.go:283.63,285.2 1 1
github.com/rassakhatsky/intercom-go-sdk/intercom.go:288.51,290.2 1 1
github.com/rassakhatsky/intercom-go-sdk/intercom.go:293.47,295.2 1 1
github.com/rassakhatsky/intercom-go-sdk/intercom.go:298.63,300.2 1 1
github.com/rassakhatsky/intercom-go-sdk/intercom.go:303.47,305.2 1 1
github.com/rassakhatsky/intercom-go-sdk/intercom.go:308.55,310.2 1 1
github.com/rassakhatsky/intercom-go-sdk/intercom.go:313.57,315.2 1 1
github.com/rassakhatsky/intercom-go-sdk/intercom.go:318.45,320.2 1 1
github.com/rassakhatsky/intercom-go-sdk/intercom.go:323.54,325.2 1 1
github.com/rassakhatsky/intercom-go-sdk/intercom.go:328.56,330.2 1 1
github.com/rassakhatsky/intercom-go-sdk/intercom.go:333.49,335.2 1 1
github.com/rassakhatsky/intercom-go-sdk/intercom.go:340.85,342.16 2 1
github.com/rassakhatsky/intercom-go-sdk/intercom.go:342.16,344.3 1 0
github.com/rassakhatsky/intercom-go-sdk/intercom.go:346.2,347.17 2 1
github.com/rassakhatsky/intercom-go-sdk/intercom.go:347.17,349.17 2 1
github.com/rassakhatsky/intercom-go-sdk/intercom.go:349.17,351.4 1 0
github.com/rassakhatsky/intercom-go-sdk/intercom.go:352.3,352.34 1 1
github.com/rassakhatsky/intercom-go-sdk/intercom.go:355.2,356.16 2 1
github.com/rassakhatsky/intercom-go-sdk/intercom.go:356.16,358.3 1 0
github.com/rassakhatsky/intercom-go-sdk/intercom.go:360.2,362.17 3 1
github.com/rassakhatsky/intercom-go-sdk/intercom.go:362.17,364.3 1 1
github.com/rassakhatsky/intercom-go-sdk/intercom.go:365.2,368.17 3 1
github.com/rassakhatsky/intercom-go-sdk/intercom.go:374.85,379.16 4 1
github.com/rassakhatsky/intercom-go-sdk/intercom.go:379.16,381.3 1 1
github.com/rassakhatsky/intercom-go-sdk/intercom.go:382.2,385.16 3 1
github.com/rassakhatsky/intercom-go-sdk/intercom.go:385.16,387.3 1 0
github.com/rassakhatsky/intercom-go-sdk/intercom.go:389.2,389.41 1 1
github.com/rassakhatsky/intercom-go-sdk/intercom.go:395.95,399.69 1 1
github.com/rassakhatsky/intercom-go-sdk/intercom.go:399.69,401.4 1 1
github.com/rassakhatsky/intercom-go-sdk/intercom.go:404.2,408.16 4 1
github.com/rassakhatsky/intercom-go-sdk/intercom.go:408.16,410.3 1 0
github.com/rassakhatsky/intercom-go-sdk/intercom.go:411.2,414.16 3 1
github.com/rassakhatsky/intercom-go-sdk/intercom.go:414.16,416.3 1 0
github.com/rassakhatsky/intercom-go-sdk/intercom.go:418.2,418.41 1 1
github.com/rassakhatsky/intercom-go-sdk/intercom.go:424.88,429.16 4 1
github.com/rassakhatsky/intercom-go-sdk/intercom.go:429.16,431.3 1 0
github.com/rassakhatsky/intercom-go-sdk/intercom.go:432.2,434.28 2 1
github.com/rassakhatsky/intercom-go-sdk/intercom.go:434.28,436.21 2 1
github.com/rassakhatsky/intercom-go-sdk/intercom.go:436.21,438.4 1 0
github.com/rassakhatsky/intercom-go-sdk/intercom.go:439.3,440.33 2 1
github.com/rassakhatsky/intercom-go-sdk/intercom.go:443.2,444.12 2 1
github.com/rassakhatsky/intercom-go-sdk/intercom.go:451.91,453.16 2 1
github.com/rassakhatsky/intercom-go-sdk/intercom.go:453.16,455.3 1 0
github.com/rassakhatsky/intercom-go-sdk/intercom.go:457.2,459.25 2 1
github.com/rassakhatsky/intercom-go-sdk/intercom.go:459.25,461.3 1 1
github.com/rassakhatsky/intercom-go-sdk/intercom.go:463.2,463.83 1 1
github.com/rassakhatsky/intercom-go-sdk/intercom.go:463.83,464.56 1 1
github.com/rassakhatsky/intercom-go-sdk/intercom.go:464.56,466.4 1 0
github.com/rassakhatsky/intercom-go-sdk/intercom.go:469.2,469.22 1 1
github.com/rassakhatsky/intercom-go-sdk/admins/admins.go:19.40,21.2 1 1
github.com/rassakhatsky/intercom-go-sdk/admins/admins.go:103.51,103.82 1 1
github.com/rassakhatsky/intercom-go-sdk/admins/admins.go:106.52,106.83 1 1
github.com/rassakhatsky/intercom-go-sdk/admins/admins.go:109.52,109.82 1 1
github.com/rassakhatsky/intercom-go-sdk/admins/admins.go:112.56,112.87 1 1
github.com/rassakhatsky/intercom-go-sdk/admins/admins.go:115.75,117.2 1 1
github.com/rassakhatsky/intercom-go-sdk/admins/admins.go:122.59,124.16 2 1
github.com/rassakhatsky/intercom-go-sdk/admins/admins.go:124.16,126.3 1 0
github.com/rassakhatsky/intercom-go-sdk/admins/admins.go:127.2,127.25 1 1
github.com/rassakhatsky/intercom-go-sdk/admins/admins.go:127.25,129.3 1 0
github.com/rassakhatsky/intercom-go-sdk/admins/admins.go:130.2,130.30 1 1
github.com/rassakhatsky/intercom-go-sdk/admins/admins.go:136.71,138.16 2 1
github.com/rassakhatsky/intercom-go-sdk/admins/admins.go:138.16,140.3 1 0
github.com/rassakhatsky/intercom-go-sdk/admins/admins.go:141.2,141.25 1 1
github.com/rassakhatsky/intercom-go-sdk/admins/admins.go:141.25,143.3 1 1
github.com/rassakhatsky/intercom-go-sdk/admins/admins.go:144.2,144.31 1 1
github.com/rassakhatsky/intercom-go-sdk/admins/admins.go:150.60,152.16 2 1
github.com/rassakhatsky/intercom-go-sdk/admins/admins.go:152.16,154.3 1 0
github.com/rassakhatsky/intercom-go-sdk/admins/admins.go:155.2,155.25 1 1
github.com/rassakhatsky/intercom-go-sdk/admins/admins.go:155.25,157.3 1 0
github.com/rassakhatsky/intercom-go-sdk/admins/admins.go:158.2,158.32 1 1
github.com/rassakhatsky/intercom-go-sdk/admins/admins.go:164.97,166.16 2 1
github.com/rassakhatsky/intercom-go-sdk/admins/admins.go:166.16,168.3 1 0
github.com/rassakhatsky/intercom-go-sdk/admins/admins.go:169.2,169.25 1 1
github.com/rassakhatsky/intercom-go-sdk/admins/admins.go:169.25,171.3 1 0
github.com/rassakhatsky/intercom-go-sdk/admins/admins.go:172.2,172.35 1 1
github.com/rassakhatsky/intercom-go-sdk/admins/admins.go:178.113,180.16 2 1
github.com/rassakhatsky/intercom-go-sdk/admins/admins.go:180.16,182.3 1 0
github.com/rassakhatsky/intercom-go-sdk/admins/admins.go:183.2,183.25 1 1
github.com/rassakhatsky/intercom-go-sdk/admins/admins.go:183.25,185.3 1 0
github.com/rassakhatsky/intercom-go-sdk/admins/admins.go:186.2,186.44 1 1
github.com/rassakhatsky/intercom-go-sdk/admins/admins.go:192.67,194.16 2 1
github.com/rassakhatsky/intercom-go-sdk/admins/admins.go:194.16,196.3 1 0
github.com/rassakhatsky/intercom-go-sdk/admins/admins.go:197.2,197.33 1 1
github.com/rassakhatsky/intercom-go-sdk/admins/admins.go:203.79,205.16 2 1
github.com/rassakhatsky/intercom-go-sdk/admins/admins.go:205.16,207.3 1 0
github.com/rassakhatsky/intercom-go-sdk/admins/admins.go:208.2,208.33 1 1
github.com/rassakhatsky/intercom-go-sdk/admins/admins.go:214.69,216.16 2 1
github.com/rassakhatsky/intercom-go-sdk/admins/admins.go:216.16,218.3 1 0
github.com/rassakhatsky/intercom-go-sdk/admins/admins.go:219.2,219.33 1 1
github.com/rassakhatsky/intercom-go-sdk/admins/admins.go:225.105,227.16 2 1
github.com/rassakhatsky/intercom-go-sdk/admins/admins.go:227.16,229.3 1 0
github.com/rassakhatsky/intercom-go-sdk/admins/admins.go:230.2,230.33 1 1
github.com/rassakhatsky/intercom-go-sdk/admins/admins.go:236.111,238.16 2 1
github.com/rassakhatsky/intercom-go-sdk/admins/admins.go:238.16,240.3 1 0
github.com/rassakhatsky/intercom-go-sdk/admins/admins.go:242.2,243.16 2 1
github.com/rassakhatsky/intercom-go-sdk/admins/admins.go:243.16,245.3 1 0
github.com/rassakhatsky/intercom-go-sdk/admins/admins.go:246.2,246.33 1 1
github.com/rassakhatsky/intercom-go-sdk/admins/away.go:17.74,19.2 1 1
github.com/rassakhatsky/intercom-go-sdk/admins/away.go:36.81,38.16 2 1
github.com/rassakhatsky/intercom-go-sdk/admins/away.go:38.16,40.3 1 0
github.com/rassakhatsky/intercom-go-sdk/admins/away.go:41.2,41.16 1 1
github.com/rassakhatsky/intercom-go-sdk/admins/away.go:49.90,51.16 2 1
github.com/rassakhatsky/intercom-go-sdk/admins/away.go:51.16,53.3 1 0
github.com/rassakhatsky/intercom-go-sdk/admins/away.go:54.2,54.25 1 1
github.com/rassakhatsky/intercom-go-sdk/admins/away.go:54.25,56.3 1 0
github.com/rassakhatsky/intercom-go-sdk/admins/away.go:57.2,57.48 1 1
github.com/rassakhatsky/intercom-go-sdk/admins/away.go:65.86,67.16 2 1
github.com/rassakhatsky/intercom-go-sdk/admins/away.go:67.16,69.3 1 0
github.com/rassakhatsky/intercom-go-sdk/admins/away.go:70.2,70.33 1 1
github.com/rassakhatsky/intercom-go-sdk/admins/teams.go:19.50,21.2 1 1
github.com/rassakhatsky/intercom-go-sdk/admins/teams.go:42.55,44.2 1 1
github.com/rassakhatsky/intercom-go-sdk/admins/teams.go:47.60,49.2 1 1
github.com/rassakhatsky/intercom-go-sdk/admins/teams.go:56.75,58.16 2 1
github.com/rassakhatsky/intercom-go-sdk/admins/teams.go:58.16,60.3 1 0
github.com/rassakhatsky/intercom-go-sdk/admins/teams.go:61.2,61.25 1 1
github.com/rassakhatsky/intercom-go-sdk/admins/teams.go:61.25,63.3 1 1
github.com/rassakhatsky/intercom-go-sdk/admins/teams.go:64.2,64.35 1 1
github.com/rassakhatsky/intercom-go-sdk/admins/teams.go:70.69,72.16 2 1
github.com/rassakhatsky/intercom-go-sdk/admins/teams.go:72.16,74.3 1 0
github.com/rassakhatsky/intercom-go-sdk/admins/teams.go:75.2,75.25 1 1
github.com/rassakhatsky/intercom-go-sdk/admins/teams.go:75.25,77.3 1 0
github.com/rassakhatsky/intercom-go-sdk/admins/teams.go:78.2,78.36 1 1
github.com/rassakhatsky/intercom-go-sdk/admins/teams.go:86.84,88.16 2 1
github.com/rassakhatsky/intercom-go-sdk/admins/teams.go:88.16,90.3 1 0
github.com/rassakhatsky/intercom-go-sdk/admins/teams.go:91.2,91.33 1 1
github.com/rassakhatsky/intercom-go-sdk/admins/teams.go:97.74,99.16 2 1
github.com/rassakhatsky/intercom-go-sdk/admins/teams.go:99.16,101.3 1 0
github.com/rassakhatsky/intercom-go-sdk/admins/teams.go:102.2,102.33 1 1
github.com/rassakhatsky/intercom-go-sdk/articles/articles.go:19.40,21.2 1 1
github.com/rassakhatsky/intercom-go-sdk/articles/articles.go:116.54,118.2 1 1
github.com/rassakhatsky/intercom-go-sdk/articles/articles.go:121.72,123.2 1 1
github.com/rassakhatsky/intercom-go-sdk/articles/articles.go:126.57,128.2 1 1
github.com/rassakhatsky/intercom-go-sdk/articles/articles.go:131.57,133.2 1 1
github.com/rassakhatsky/intercom-go-sdk/articles/articles.go:136.61,138.2 1 1
github.com/rassakhatsky/intercom-go-sdk/articles/articles.go:141.64,143.2 1 1
github.com/rassakhatsky/intercom-go-sdk/articles/articles.go:150.73,152.16 2 1
github.com/rassakhatsky/intercom-go-sdk/articles/articles.go:152.16,154.3 1 0
github.com/rassakhatsky/intercom-go-sdk/articles/articles.go:155.2,155.25 1 1
github.com/rassakhatsky/intercom-go-sdk/articles/articles.go:155.25,157.3 1 1
github.com/rassakhatsky/intercom-go-sdk/articles/articles.go:158.2,158.31 1 1
github.com/rassakhatsky/intercom-go-sdk/articles/articles.go:164.103,166.16 2 1
github.com/rassakhatsky/intercom-go-sdk/articles/articles.go:166.16,168.3 1 0
github.com/rassakhatsky/intercom-go-sdk/articles/articles.go:169.2,169.25 1 1
github.com/rassakhatsky/intercom-go-sdk/articles/articles.go:169.25,171.3 1 0
github.com/rassakhatsky/intercom-go-sdk/articles/articles.go:172.2,172.32 1 1
github.com/rassakhatsky/intercom-go-sdk/articles/articles.go:176.90,178.2 1 1
github.com/rassakhatsky/intercom-go-sdk/articles/articles.go:183.86,185.16 2 1
github.com/rassakhatsky/intercom-go-sdk/articles/articles.go:185.16,187.3 1 0
github.com/rassakhatsky/intercom-go-sdk/articles/articles.go:188.2,188.25 1 1
github.com/rassakhatsky/intercom-go-sdk/articles/articles.go:188.25,190.3 1 0
github.com/rassakhatsky/intercom-go-sdk/articles/articles.go:191.2,191.34 1 1
github.com/rassakhatsky/intercom-go-sdk/articles/articles.go:197.97,199.16 2 1
github.com/rassakhatsky/intercom-go-sdk/articles/articles.go:199.16,201.3 1 0
github.com/rassakhatsky/intercom-go-sdk/articles/articles.go:202.2,202.25 1 1
github.com/rassakhatsky/intercom-go-sdk/articles/articles.go:202.25,204.3 1 0
github.com/rassakhatsky/intercom-go-sdk/articles/articles.go:205.2,205.34 1 1
github.com/rassakhatsky/intercom-go-sdk/articles/articles.go:211.80,213.16 2 1
github.com/rassakhatsky/intercom-go-sdk/articles/articles.go:213.16,215.3 1 0
github.com/rassakhatsky/intercom-go-sdk/articles/articles.go:216.2,216.25 1 1
github.com/rassakhatsky/intercom-go-sdk/articles/articles.go:216.25,218.3 1 0
github.com/rassakhatsky/intercom-go-sdk/articles/articles.go:219.2,219.34 1 1
github.com/rassakhatsky/intercom-go-sdk/articles/articles.go:225.93,227.16 2 1
github.com/rassakhatsky/intercom-go-sdk/articles/articles.go:227.16,229.3 1 0
github.com/rassakhatsky/intercom-go-sdk/articles/articles.go:230.2,230.25 1 1
github.com/rassakhatsky/intercom-go-sdk/articles/articles.go:230.25,232.3 1 0
github.com/rassakhatsky/intercom-go-sdk/articles/articles.go:233.2,233.34 1 1
github.com/rassakhatsky/intercom-go-sdk/articles/articles.go:241.79,243.16 2 1
github.com/rassakhatsky/intercom-go-sdk/articles/articles.go:243.16,245.3 1 0
github.com/rassakhatsky/intercom-go-sdk/articles/articles.go:246.2,246.33 1 1
github.com/rassakhatsky/intercom-go-sdk/articles/articles.go:252.92,254.16 2 1
github.com/rassakhatsky/intercom-go-sdk/articles/articles.go:254.16,256.3 1 0
github.com/rassakhatsky/intercom-go-sdk/articles/articles.go:257.2,258.16 2 1
github.com/rassakhatsky/intercom-go-sdk/articles/articles.go:258.16,260.3 1 0
github.com/rassakhatsky/intercom-go-sdk/articles/articles.go:261.2,261.33 1 1
github.com/rassakhatsky/intercom-go-sdk/articles/articles.go:267.92,269.16 2 1
github.com/rassakhatsky/intercom-go-sdk/articles/articles.go:269.16,271.3 1 0
github.com/rassakhatsky/intercom-go-sdk/articles/articles.go:272.2,272.33 1 1
github.com/rassakhatsky/intercom-go-sdk/articles/articles.go:278.103,280.16 2 1
github.com/rassakhatsky/intercom-go-sdk/articles/articles.go:280.16,282.3 1 0
github.com/rassakhatsky/intercom-go-sdk/articles/articles.go:283.2,283.33 1 1
github.com/rassakhatsky/intercom-go-sdk/articles/articles.go:289.82,291.16 2 1
github.com/rassakhatsky/intercom-go-sdk/articles/articles.go:291.16,293.3 1 0
github.com/rassakhatsky/intercom-go-sdk/articles/articles.go:294.2,294.33 1 1
github.com/rassakhatsky/intercom-go-sdk/articles/articles.go:300.92,302.16 2 1
github.com/rassakhatsky/intercom-go-sdk/articles/articles.go:302.16,304.3 1 0
github.com/rassakhatsky/intercom-go-sdk/articles/articles.go:305.2,306.16 2 1
github.com/rassakhatsky/intercom-go-sdk/articles/articles.go:306.16,308.3 1 0
github.com/rassakhatsky/intercom-go-sdk/articles/articles.go:309.2,309.33 1 1
github.com/rassakhatsky/intercom-go-sdk/articles/internal.go:19.56,21.2 1 1
github.com/rassakhatsky/intercom-go-sdk/articles/internal.go:80.70,82.2 1 1
github.com/rassakhatsky/intercom-go-sdk/articles/internal.go:85.88,87.2 1 1
github.com/rassakhatsky/intercom-go-sdk/articles/internal.go:90.73,92.2 1 1
github.com/rassakhatsky/intercom-go-sdk/articles/internal.go:95.73,97.2 1 1
github.com/rassakhatsky/intercom-go-sdk/articles/internal.go:100.73,102.2 1 1
github.com/rassakhatsky/intercom-go-sdk/articles/internal.go:105.80,107.2 1 1
github.com/rassakhatsky/intercom-go-sdk/articles/internal.go:114.89,116.16 2 1
github.com/rassakhatsky/intercom-go-sdk/articles/internal.go:116.16,118.3 1 0
github.com/rassakhatsky/intercom-go-sdk/articles/internal.go:119.2,119.25 1 1
github.com/rassakhatsky/intercom-go-sdk/articles/internal.go:119.25,121.3 1 1
github.com/rassakhatsky/intercom-go-sdk/articles/internal.go:122.2,122.39 1 1
github.com/rassakhatsky/intercom-go-sdk/articles/internal.go:128.119,130.16 2 1
github.com/rassakhatsky/intercom-go-sdk/articles/internal.go:130.16,132.3 1 0
github.com/rassakhatsky/intercom-go-sdk/articles/internal.go:133.2,133.25 1 1
github.com/rassakhatsky/intercom-go-sdk/articles/internal.go:133.25,135.3 1 0
github.com/rassakhatsky/intercom-go-sdk/articles/internal.go:136.2,136.40 1 1
github.com/rassakhatsky/intercom-go-sdk/articles/internal.go:140.106,142.2 1 1
github.com/rassakhatsky/intercom-go-sdk/articles/internal.go:147.110,149.16 2 1
github.com/rassakhatsky/intercom-go-sdk/articles/internal.go:149.16,151.3 1 0
github.com/rassakhatsky/intercom-go-sdk/articles/internal.go:152.2,152.25 1 1
github.com/rassakhatsky/intercom-go-sdk/articles/internal.go:152.25,154.3 1 0
github.com/rassakhatsky/intercom-go-sdk/articles/internal.go:155.2,155.42 1 1
github.com/rassakhatsky/intercom-go-sdk/articles/internal.go:161.121,163.16 2 1
github.com/rassakhatsky/intercom-go-sdk/articles/internal.go:163.16,165.3 1 0
github.com/rassakhatsky/intercom-go-sdk/articles/internal.go:166.2,166.25 1 1
github.com/rassakhatsky/intercom-go-sdk/articles/internal.go:166.25,168.3 1 0
github.com/rassakhatsky/intercom-go-sdk/articles/internal.go:169.2,169.42 1 1
github.com/rassakhatsky/intercom-go-sdk/articles/internal.go:175.92,177.16 2 1
github.com/rassakhatsky/intercom-go-sdk/articles/internal.go:177.16,179.3 1 0
github.com/rassakhatsky/intercom-go-sdk/articles/internal.go:180.2,180.25 1 1
github.com/rassakhatsky/intercom-go-sdk/articles/internal.go:180.25,182.3 1 0
github.com/rassakhatsky/intercom-go-sdk/articles/internal.go:183.2,183.42 1 1
github.com/rassakhatsky/intercom-go-sdk/articles/internal.go:189.117,191.16 2 1
github.com/rassakhatsky/intercom-go-sdk/articles/internal.go:191.16,193.3 1 0
github.com/rassakhatsky/intercom-go-sdk/articles/internal.go:194.2,194.25 1 1
github.com/rassakhatsky/intercom-go-sdk/articles/internal.go:194.25,196.3 1 0
github.com/rassakhatsky/intercom-go-sdk/articles/internal.go:197.2,197.42 1 1
github.com/rassakhatsky/intercom-go-sdk/articles/internal.go:205.87,207.16 2 1
github.com/rassakhatsky/intercom-go-sdk/articles/internal.go:207.16,209.3 1 0
github.com/rassakhatsky/intercom-go-sdk/articles/internal.go:210.2,210.33 1 1
github.com/rassakhatsky/intercom-go-sdk/articles/internal.go:216.100,218.16 2 1
github.com/rassakhatsky/intercom-go-sdk/articles/internal.go:218.16,220.3 1 0
github.com/rassakhatsky/intercom-go-sdk/articles/internal.go:221.2,222.16 2 1
github.com/rassakhatsky/intercom-go-sdk/articles/internal.go:222.16,224.3 1 0
github.com/rassakhatsky/intercom-go-sdk/articles/internal.go:225.2,225.33 1 1
github.com/rassakhatsky/intercom-go-sdk/articles/internal.go:231.108,233.16 2 1
github.com/rassakhatsky/intercom-go-sdk/articles/internal.go:233.16,235.3 1 0
github.com/rassakhatsky/intercom-go-sdk/articles/internal.go:236.2,236.33 1 1
github.com/rassakhatsky/intercom-go-sdk/articles/internal.go:242.119,244.16 2 1
github.com/rassakhatsky/intercom-go-sdk/articles/internal.go:244.16,246.3 1 0
github.com/rassakhatsky/intercom-go-sdk/articles/internal.go:247.2,247.33 1 1
github.com/rassakhatsky/intercom-go-sdk/articles/internal.go:253.90,255.16 2 1
github.com/rassakhatsky/intercom-go-sdk/articles/internal.go:255.16,257.3 1 0
github.com/rassakhatsky/intercom-go-sdk/articles/internal.go:258.2,258.33 1 1
github.com/rassakhatsky/intercom-go-sdk/articles/internal.go:264.108,266.16 2 1
github.com/rassakhatsky/intercom-go-sdk/articles/internal.go:266.16,268.3 1 0
github.com/rassakhatsky/intercom-go-sdk/articles/internal.go:269.2,270.16 2 1
github.com/rassakhatsky/intercom-go-sdk/articles/internal.go:270.16,272.3 1 0
github.com/rassakhatsky/intercom-go-sdk/articles/internal.go:273.2,273.33 1 1
github.com/rassakhatsky/intercom-go-sdk/calls/calls.go:19.40,21.2 1 1
github.com/rassakhatsky/intercom-go-sdk/calls/calls.go:82.51,82.81 1 1
github.com/rassakhatsky/intercom-go-sdk/calls/calls.go:85.52,85.82 1 1
github.com/rassakhatsky/intercom-go-sdk/calls/calls.go:88.54,88.84 1 1
github.com/rassakhatsky/intercom-go-sdk/calls/calls.go:92.64,93.14 1 1
github.com/rassakhatsky/intercom-go-sdk/calls/calls.go:93.14,95.3 1 1
github.com/rassakhatsky/intercom-go-sdk/calls/calls.go:96.2,96.85 1 1
github.com/rassakhatsky/intercom-go-sdk/calls/calls.go:96.85,98.16 2 1
github.com/rassakhatsky/intercom-go-sdk/calls/calls.go:98.16,100.4 1 1
github.com/rassakhatsky/intercom-go-sdk/calls/calls.go:101.3,101.18 1 1
github.com/rassakhatsky/intercom-go-sdk/calls/calls.go:103.2,104.21 2 1
github.com/rassakhatsky/intercom-go-sdk/calls/calls.go:104.21,106.3 1 0
github.com/rassakhatsky/intercom-go-sdk/calls/calls.go:107.2,107.111 1 1
github.com/rassakhatsky/intercom-go-sdk/calls/calls.go:111.62,112.14 1 1
github.com/rassakhatsky/intercom-go-sdk/calls/calls.go:112.14,114.3 1 1
github.com/rassakhatsky/intercom-go-sdk/calls/calls.go:115.2,115.22 1 1
github.com/rassakhatsky/intercom-go-sdk/calls/calls.go:115.22,117.3 1 1
github.com/rassakhatsky/intercom-go-sdk/calls/calls.go:118.2,118.28 1 1
github.com/rassakhatsky/intercom-go-sdk/calls/calls.go:124.74,126.16 2 1
github.com/rassakhatsky/intercom-go-sdk/calls/calls.go:126.16,128.3 1 0
github.com/rassakhatsky/intercom-go-sdk/calls/calls.go:129.2,129.25 1 1
github.com/rassakhatsky/intercom-go-sdk/calls/calls.go:129.25,131.3 1 1
github.com/rassakhatsky/intercom-go-sdk/calls/calls.go:132.2,132.31 1 1
github.com/rassakhatsky/intercom-go-sdk/calls/calls.go:138.79,140.16 2 1
github.com/rassakhatsky/intercom-go-sdk/calls/calls.go:140.16,142.3 1 0
github.com/rassakhatsky/intercom-go-sdk/calls/calls.go:143.2,143.25 1 1
github.com/rassakhatsky/intercom-go-sdk/calls/calls.go:143.25,145.3 1 0
github.com/rassakhatsky/intercom-go-sdk/calls/calls.go:146.2,146.32 1 1
github.com/rassakhatsky/intercom-go-sdk/calls/calls.go:152.88,154.16 2 1
github.com/rassakhatsky/intercom-go-sdk/calls/calls.go:154.16,156.3 1 0
github.com/rassakhatsky/intercom-go-sdk/calls/calls.go:157.2,157.25 1 1
github.com/rassakhatsky/intercom-go-sdk/calls/calls.go:157.25,159.3 1 0
github.com/rassakhatsky/intercom-go-sdk/calls/calls.go:160.2,160.34 1 1
github.com/rassakhatsky/intercom-go-sdk/calls/calls.go:167.87,169.16 2 1
github.com/rassakhatsky/intercom-go-sdk/calls/calls.go:169.16,171.3 1 0
github.com/rassakhatsky/intercom-go-sdk/calls/calls.go:172.2,172.25 1 1
github.com/rassakhatsky/intercom-go-sdk/calls/calls.go:172.25,174.3 1 0
github.com/rassakhatsky/intercom-go-sdk/calls/calls.go:175.2,175.43 1 1
github.com/rassakhatsky/intercom-go-sdk/calls/calls.go:181.85,183.16 2 1
github.com/rassakhatsky/intercom-go-sdk/calls/calls.go:183.16,185.3 1 0
github.com/rassakhatsky/intercom-go-sdk/calls/calls.go:186.2,186.25 1 1
github.com/rassakhatsky/intercom-go-sdk/calls/calls.go:186.25,188.3 1 0
github.com/rassakhatsky/intercom-go-sdk/calls/calls.go:189.2,189.41 1 1
github.com/rassakhatsky/intercom-go-sdk/calls/calls.go:195.83,197.16 2 1
github.com/rassakhatsky/intercom-go-sdk/calls/calls.go:197.16,199.3 1 0
github.com/rassakhatsky/intercom-go-sdk/calls/calls.go:200.2,200.33 1 1
github.com/rassakhatsky/intercom-go-sdk/calls/calls.go:206.88,208.16 2 1
github.com/rassakhatsky/intercom-go-sdk/calls/calls.go:208.16,210.3 1 0
github.com/rassakhatsky/intercom-go-sdk/calls/calls.go:211.2,212.16 2 1
github.com/rassakhatsky/intercom-go-sdk/calls/calls.go:212.16,214.3 1 0
github.com/rassakhatsky/intercom-go-sdk/calls/calls.go:215.2,215.33 1 1
github.com/rassakhatsky/intercom-go-sdk/calls/calls.go:221.97,223.16 2 1
github.com/rassakhatsky/intercom-go-sdk/calls/calls.go:223.16,225.3 1 0
github.com/rassakhatsky/intercom-go-sdk/calls/calls.go:226.2,226.33 1 1
github.com/rassakhatsky/intercom-go-sdk/calls/calls.go:233.95,235.16 2 1
github.com/rassakhatsky/intercom-go-sdk/calls/calls.go:235.16,237.3 1 0
github.com/rassakhatsky/intercom-go-sdk/calls/calls.go:238.2,238.43 1 1
github.com/rassakhatsky/intercom-go-sdk/calls/calls.go:245.93,247.16 2 1
github.com/rassakhatsky/intercom-go-sdk/calls/calls.go:247.16,249.3 1 0
github.com/rassakhatsky/intercom-go-sdk/calls/calls.go:250.2,250.33 1 1
github.com/rassakhatsky/intercom-go-sdk/calls/redirects.go:17.58,19.2 1 1
github.com/rassakhatsky/intercom-go-sdk/calls/redirects.go:36.66,38.2 1 1
github.com/rassakhatsky/intercom-go-sdk/calls/redirects.go:45.104,47.16 2 1
github.com/rassakhatsky/intercom-go-sdk/calls/redirects.go:47.16,49.3 1 0
github.com/rassakhatsky/intercom-go-sdk/calls/redirects.go:50.2,50.25 1 1
github.com/rassakhatsky/intercom-go-sdk/calls/redirects.go:50.25,52.3 1 0
github.com/rassakhatsky/intercom-go-sdk/calls/redirects.go:53.2,53.42 1 1
github.com/rassakhatsky/intercom-go-sdk/calls/redirects.go:61.109,63.16 2 1
github.com/rassakhatsky/intercom-go-sdk/calls/redirects.go:63.16,65.3 1 0
github.com/rassakhatsky/intercom-go-sdk/calls/redirects.go:66.2,66.33 1 1
github.com/rassakhatsky/intercom-go-sdk/contacts/contacts.go:19.40,21.2 1 1
github.com/rassakhatsky/intercom-go-sdk/contacts/contacts.go:214.54,214.87 1 1
github.com/rassakhatsky/intercom-go-sdk/contacts/contacts.go:217.72,219.2 1 1
github.com/rassakhatsky/intercom-go-sdk/contacts/contacts.go:222.57,222.90 1 1
github.com/rassakhatsky/intercom-go-sdk/contacts/contacts.go:225.57,225.90 1 1
github.com/rassakhatsky/intercom-go-sdk/contacts/contacts.go:228.57,228.90 1 1
github.com/rassakhatsky/intercom-go-sdk/contacts/contacts.go:231.74,233.2 1 1
github.com/rassakhatsky/intercom-go-sdk/contacts/contacts.go:236.56,236.89 1 1
github.com/rassakhatsky/intercom-go-sdk/contacts/contacts.go:239.59,241.2 1 1
github.com/rassakhatsky/intercom-go-sdk/contacts/contacts.go:244.63,246.2 1 1
github.com/rassakhatsky/intercom-go-sdk/contacts/contacts.go:249.56,251.2 1 1
github.com/rassakhatsky/intercom-go-sdk/contacts/contacts.go:254.67,254.100 1 1
github.com/rassakhatsky/intercom-go-sdk/contacts/contacts.go:257.74,259.2 1 1
github.com/rassakhatsky/intercom-go-sdk/contacts/contacts.go:262.64,262.100 1 1
github.com/rassakhatsky/intercom-go-sdk/contacts/contacts.go:265.67,265.103 1 1
github.com/rassakhatsky/intercom-go-sdk/contacts/contacts.go:268.71,270.2 1 1
github.com/rassakhatsky/intercom-go-sdk/contacts/contacts.go:273.62,273.96 1 1
github.com/rassakhatsky/intercom-go-sdk/contacts/contacts.go:276.77,278.2 1 1
github.com/rassakhatsky/intercom-go-sdk/contacts/contacts.go:281.83,283.2 1 1
github.com/rassakhatsky/intercom-go-sdk/contacts/contacts.go:286.79,288.2 1 1
github.com/rassakhatsky/intercom-go-sdk/contacts/contacts.go:291.82,293.2 1 1
github.com/rassakhatsky/intercom-go-sdk/contacts/contacts.go:296.60,296.96 1 1
github.com/rassakhatsky/intercom-go-sdk/contacts/contacts.go:299.63,299.99 1 1
github.com/rassakhatsky/intercom-go-sdk/contacts/contacts.go:302.63,304.2 1 1
github.com/rassakhatsky/intercom-go-sdk/contacts/contacts.go:311.73,313.16 2 1
github.com/rassakhatsky/intercom-go-sdk/contacts/contacts.go:313.16,315.3 1 0
github.com/rassakhatsky/intercom-go-sdk/contacts/contacts.go:316.2,316.25 1 1
github.com/rassakhatsky/intercom-go-sdk/contacts/contacts.go:316.25,318.3 1 1
github.com/rassakhatsky/intercom-go-sdk/contacts/contacts.go:319.2,319.31 1 1
github.com/rassakhatsky/intercom-go-sdk/contacts/contacts.go:325.103,327.16 2 1
github.com/rassakhatsky/intercom-go-sdk/contacts/contacts.go:327.16,329.3 1 0
github.com/rassakhatsky/intercom-go-sdk/contacts/contacts.go:330.2,330.25 1 1
github.com/rassakhatsky/intercom-go-sdk/contacts/contacts.go:330.25,332.3 1 1
github.com/rassakhatsky/intercom-go-sdk/contacts/contacts.go:333.2,333.32 1 1
github.com/rassakhatsky/intercom-go-sdk/contacts/contacts.go:337.90,339.2 1 1
github.com/rassakhatsky/intercom-go-sdk/contacts/contacts.go:344.86,346.16 2 1
github.com/rassakhatsky/intercom-go-sdk/contacts/contacts.go:346.16,348.3 1 0
github.com/rassakhatsky/intercom-go-sdk/contacts/contacts.go:349.2,349.25 1 1
github.com/rassakhatsky/intercom-go-sdk/contacts/contacts.go:349.25,351.3 1 0
github.com/rassakhatsky/intercom-go-sdk/contacts/contacts.go:352.2,352.34 1 1
github.com/rassakhatsky/intercom-go-sdk/contacts/contacts.go:358.97,360.16 2 1
github.com/rassakhatsky/intercom-go-sdk/contacts/contacts.go:360.16,362.3 1 0
github.com/rassakhatsky/intercom-go-sdk/contacts/contacts.go:363.2,363.25 1 1
github.com/rassakhatsky/intercom-go-sdk/contacts/contacts.go:363.25,365.3 1 0
github.com/rassakhatsky/intercom-go-sdk/contacts/contacts.go:366.2,366.34 1 1
github.com/rassakhatsky/intercom-go-sdk/contacts/contacts.go:372.76,374.16 2 1
github.com/rassakhatsky/intercom-go-sdk/contacts/contacts.go:374.16,376.3 1 0
github.com/rassakhatsky/intercom-go-sdk/contacts/contacts.go:377.2,377.25 1 1
github.com/rassakhatsky/intercom-go-sdk/contacts/contacts.go:377.25,379.3 1 0
github.com/rassakhatsky/intercom-go-sdk/contacts/contacts.go:380.2,380.34 1 1
github.com/rassakhatsky/intercom-go-sdk/contacts/contacts.go:386.107,388.16 2 1
github.com/rassakhatsky/intercom-go-sdk/contacts/contacts.go:388.16,390.3 1 0
github.com/rassakhatsky/intercom-go-sdk/contacts/contacts.go:391.2,391.25 1 1
github.com/rassakhatsky/intercom-go-sdk/contacts/contacts.go:391.25,393.3 1 0
github.com/rassakhatsky/intercom-go-sdk/contacts/contacts.go:394.2,394.34 1 1
github.com/rassakhatsky/intercom-go-sdk/contacts/contacts.go:401.84,403.16 2 1
github.com/rassakhatsky/intercom-go-sdk/contacts/contacts.go:403.16,405.3 1 0
github.com/rassakhatsky/intercom-go-sdk/contacts/contacts.go:406.2,406.25 1 1
github.com/rassakhatsky/intercom-go-sdk/contacts/contacts.go:406.25,408.3 1 0
github.com/rassakhatsky/intercom-go-sdk/contacts/contacts.go:409.2,409.33 1 1
github.com/rassakhatsky/intercom-go-sdk/contacts/contacts.go:415.78,417.16 2 1
github.com/rassakhatsky/intercom-go-sdk/contacts/contacts.go:417.16,419.3 1 0
github.com/rassakhatsky/intercom-go-sdk/contacts/contacts.go:420.2,420.25 1 1
github.com/rassakhatsky/intercom-go-sdk/contacts/contacts.go:420.25,422.3 1 0
github.com/rassakhatsky/intercom-go-sdk/contacts/contacts.go:423.2,423.35 1 1
github.com/rassakhatsky/intercom-go-sdk/contacts/contacts.go:429.82,431.16 2 1
github.com/rassakhatsky/intercom-go-sdk/contacts/contacts.go:431.16,433.3 1 0
github.com/rassakhatsky/intercom-go-sdk/contacts/contacts.go:434.2,434.25 1 1
github.com/rassakhatsky/intercom-go-sdk/contacts/contacts.go:434.25,436.3 1 0
github.com/rassakhatsky/intercom-go-sdk/contacts/contacts.go:437.2,437.37 1 1
github.com/rassakhatsky/intercom-go-sdk/contacts/contacts.go:443.75,445.16 2 1
github.com/rassakhatsky/intercom-go-sdk/contacts/contacts.go:445.16,447.3 1 0
github.com/rassakhatsky/intercom-go-sdk/contacts/contacts.go:448.2,448.25 1 1
github.com/rassakhatsky/intercom-go-sdk/contacts/contacts.go:448.25,450.3 1 0
github.com/rassakhatsky/intercom-go-sdk/contacts/contacts.go:451.2,451.33 1 1
github.com/rassakhatsky/intercom-go-sdk/contacts/contacts.go:457.94,459.16 2 1
github.com/rassakhatsky/intercom-go-sdk/contacts/contacts.go:459.16,461.3 1 0
github.com/rassakhatsky/intercom-go-sdk/contacts/contacts.go:462.2,462.25 1 1
github.com/rassakhatsky/intercom-go-sdk/contacts/contacts.go:462.25,464.3 1 0
github.com/rassakhatsky/intercom-go-sdk/contacts/contacts.go:465.2,465.44 1 1
github.com/rassakhatsky/intercom-go-sdk/contacts/contacts.go:471.100,473.16 2 1
github.com/rassakhatsky/intercom-go-sdk/contacts/contacts.go:473.16,475.3 1 0
github.com/rassakhatsky/intercom-go-sdk/contacts/contacts.go:476.2,476.25 1 1
github.com/rassakhatsky/intercom-go-sdk/contacts/contacts.go:476.25,478.3 1 0
github.com/rassakhatsky/intercom-go-sdk/contacts/contacts.go:479.2,479.41 1 1
github.com/rassakhatsky/intercom-go-sdk/contacts/contacts.go:485.101,487.16 2 1
github.com/rassakhatsky/intercom-go-sdk/contacts/contacts.go:487.16,489.3 1 0
github.com/rassakhatsky/intercom-go-sdk/contacts/contacts.go:490.2,490.25 1 1
github.com/rassakhatsky/intercom-go-sdk/contacts/contacts.go:490.25,492.3 1 0
github.com/rassakhatsky/intercom-go-sdk/contacts/contacts.go:493.2,493.38 1 1
github.com/rassakhatsky/intercom-go-sdk/contacts/contacts.go:499.104,501.16 2 1
github.com/rassakhatsky/intercom-go-sdk/contacts/contacts.go:501.16,503.3 1 0
github.com/rassakhatsky/intercom-go-sdk/contacts/contacts.go:504.2,504.25 1 1
github.com/rassakhatsky/intercom-go-sdk/contacts/contacts.go:504.25,506.3 1 0
github.com/rassakhatsky/intercom-go-sdk/contacts/contacts.go:507.2,507.41 1 1
github.com/rassakhatsky/intercom-go-sdk/contacts/contacts.go:513.97,515.16 2 1
github.com/rassakhatsky/intercom-go-sdk/contacts/contacts.go:515.16,517.3 1 0
github.com/rassakhatsky/intercom-go-sdk/contacts/contacts.go:518.2,518.25 1 1
github.com/rassakhatsky/intercom-go-sdk/contacts/contacts.go:518.25,520.3 1 0
github.com/rassakhatsky/intercom-go-sdk/contacts/contacts.go:521.2,521.37 1 1
github.com/rassakhatsky/intercom-go-sdk/contacts/contacts.go:527.113,529.16 2 1
github.com/rassakhatsky/intercom-go-sdk/contacts/contacts.go:529.16,531.3 1 0
github.com/rassakhatsky/intercom-go-sdk/contacts/contacts.go:532.2,532.25 1 1
github.com/rassakhatsky/intercom-go-sdk/contacts/contacts.go:532.25,534.3 1 0
github.com/rassakhatsky/intercom-go-sdk/contacts/contacts.go:535.2,535.38 1 1
github.com/rassakhatsky/intercom-go-sdk/contacts/contacts.go:541.103,543.16 2 1
github.com/rassakhatsky/intercom-go-sdk/contacts/contacts.go:543.16,545.3 1 0
github.com/rassakhatsky/intercom-go-sdk/contacts/contacts.go:546.2,546.25 1 1
github.com/rassakhatsky/intercom-go-sdk/contacts/contacts.go:546.25,548.3 1 0
github.com/rassakhatsky/intercom-go-sdk/contacts/contacts.go:549.2,549.40 1 1
github.com/rassakhatsky/intercom-go-sdk/contacts/contacts.go:555.109,557.16 2 1
github.com/rassakhatsky/intercom-go-sdk/contacts/contacts.go:557.16,559.3 1 0
github.com/rassakhatsky/intercom-go-sdk/contacts/contacts.go:560.2,560.25 1 1
github.com/rassakhatsky/intercom-go-sdk/contacts/contacts.go:560.25,562.3 1 0
github.com/rassakhatsky/intercom-go-sdk/contacts/contacts.go:563.2,563.45 1 1
github.com/rassakhatsky/intercom-go-sdk/contacts/contacts.go:569.135,571.16 2 1
github.com/rassakhatsky/intercom-go-sdk/contacts/contacts.go:571.16,573.3 1 0
github.com/rassakhatsky/intercom-go-sdk/contacts/contacts.go:574.2,574.25 1 1
github.com/rassakhatsky/intercom-go-sdk/contacts/contacts.go:574.25,576.3 1 0
github.com/rassakhatsky/intercom-go-sdk/contacts/contacts.go:577.2,577.43 1 1
github.com/rassakhatsky/intercom-go-sdk/contacts/contacts.go:583.124,585.16 2 1
github.com/rassakhatsky/intercom-go-sdk/contacts/contacts.go:585.16,587.3 1 0
github.com/rassakhatsky/intercom-go-sdk/contacts/contacts.go:588.2,588.25 1 1
github.com/rassakhatsky/intercom-go-sdk/contacts/contacts.go:588.25,590.3 1 0
github.com/rassakhatsky/intercom-go-sdk/contacts/contacts.go:591.2,591.46 1 1
github.com/rassakhatsky/intercom-go-sdk/contacts/contacts.go:597.93,599.16 2 1
github.com/rassakhatsky/intercom-go-sdk/contacts/contacts.go:599.16,601.3 1 0
github.com/rassakhatsky/intercom-go-sdk/contacts/contacts.go:602.2,602.25 1 1
github.com/rassakhatsky/intercom-go-sdk/contacts/contacts.go:602.25,604.3 1 0
github.com/rassakhatsky/intercom-go-sdk/contacts/contacts.go:605.2,605.34 1 1
github.com/rassakhatsky/intercom-go-sdk/contacts/contacts.go:611.96,613.16 2 1
github.com/rassakhatsky/intercom-go-sdk/contacts/contacts.go:613.16,615.3 1 0
github.com/rassakhatsky/intercom-go-sdk/contacts/contacts.go:616.2,616.25 1 1
github.com/rassakhatsky/intercom-go-sdk/contacts/contacts.go:616.25,618.3 1 0
github.com/rassakhatsky/intercom-go-sdk/contacts/contacts.go:619.2,619.37 1 1
github.com/rassakhatsky/intercom-go-sdk/contacts/contacts.go:625.89,627.16 2 1
github.com/rassakhatsky/intercom-go-sdk/contacts/contacts.go:627.16,629.3 1 0
github.com/rassakhatsky/intercom-go-sdk/contacts/contacts.go:630.2,630.25 1 1
github.com/rassakhatsky/intercom-go-sdk/contacts/contacts.go:630.25,632.3 1 1
github.com/rassakhatsky/intercom-go-sdk/contacts/contacts.go:633.2,633.36 1 1
github.com/rassakhatsky/intercom-go-sdk/contacts/contacts.go:641.79,643.16 2 1
github.com/rassakhatsky/intercom-go-sdk/contacts/contacts.go:643.16,645.3 1 0
github.com/rassakhatsky/intercom-go-sdk/contacts/contacts.go:646.2,646.33 1 1
github.com/rassakhatsky/intercom-go-sdk/contacts/contacts.go:652.92,654.16 2 1
github.com/rassakhatsky/intercom-go-sdk/contacts/contacts.go:654.16,656.3 1 0
github.com/rassakhatsky/intercom-go-sdk/contacts/contacts.go:657.2,658.16 2 1
github.com/rassakhatsky/intercom-go-sdk/contacts/contacts.go:658.16,660.3 1 0
github.com/rassakhatsky/intercom-go-sdk/contacts/contacts.go:661.2,661.33 1 1
github.com/rassakhatsky/intercom-go-sdk/contacts/contacts.go:667.92,669.16 2 1
github.com/rassakhatsky/intercom-go-sdk/contacts/contacts.go:669.16,671.3 1 0
github.com/rassakhatsky/intercom-go-sdk/contacts/contacts.go:672.2,672.33 1 1
github.com/rassakhatsky/intercom-go-sdk/contacts/contacts.go:678.103,680.16 2 1
github.com/rassakhatsky/intercom-go-sdk/contacts/contacts.go:680.16,682.3 1 0
github.com/rassakhatsky/intercom-go-sdk/contacts/contacts.go:683.2,683.33 1 1
github.com/rassakhatsky/intercom-go-sdk/contacts/contacts.go:689.82,691.16 2 1
github.com/rassakhatsky/intercom-go-sdk/contacts/contacts.go:691.16,693.3 1 0
github.com/rassakhatsky/intercom-go-sdk/contacts/contacts.go:694.2,694.33 1 1
github.com/rassakhatsky/intercom-go-sdk/contacts/contacts.go:700.96,702.16 2 1
github.com/rassakhatsky/intercom-go-sdk/contacts/contacts.go:702.16,704.3 1 0
github.com/rassakhatsky/intercom-go-sdk/contacts/contacts.go:705.2,705.33 1 1
github.com/rassakhatsky/intercom-go-sdk/contacts/contacts.go:711.90,713.16 2 1
github.com/rassakhatsky/intercom-go-sdk/contacts/contacts.go:713.16,715.3 1 0
github.com/rassakhatsky/intercom-go-sdk/contacts/contacts.go:716.2,716.33 1 1
github.com/rassakhatsky/intercom-go-sdk/contacts/contacts.go:722.83,724.16 2 1
github.com/rassakhatsky/intercom-go-sdk/contacts/contacts.go:724.16,726.3 1 0
github.com/rassakhatsky/intercom-go-sdk/contacts/contacts.go:727.2,727.33 1 1
github.com/rassakhatsky/intercom-go-sdk/contacts/contacts.go:733.85,735.16 2 1
github.com/rassakhatsky/intercom-go-sdk/contacts/contacts.go:735.16,737.3 1 0
github.com/rassakhatsky/intercom-go-sdk/contacts/contacts.go:738.2,738.33 1 1
github.com/rassakhatsky/intercom-go-sdk/contacts/contacts.go:744.81,746.16 2 1
github.com/rassakhatsky/intercom-go-sdk/contacts/contacts.go:746.16,748.3 1 0
github.com/rassakhatsky/intercom-go-sdk/contacts/contacts.go:749.2,749.33 1 1
github.com/rassakhatsky/intercom-go-sdk/contacts/contacts.go:755.100,757.16 2 1
github.com/rassakhatsky/intercom-go-sdk/contacts/contacts.go:757.16,759.3 1 0
github.com/rassakhatsky/intercom-go-sdk/contacts/contacts.go:760.2,760.33 1 1
github.com/rassakhatsky/intercom-go-sdk/contacts/contacts.go:766.96,768.16 2 1
github.com/rassakhatsky/intercom-go-sdk/contacts/contacts.go:768.16,770.3 1 0
github.com/rassakhatsky/intercom-go-sdk/contacts/contacts.go:771.2,771.33 1 1
github.com/rassakhatsky/intercom-go-sdk/contacts/contacts.go:777.104,782.16 3 1
github.com/rassakhatsky/intercom-go-sdk/contacts/contacts.go:782.16,784.3 1 0
github.com/rassakhatsky/intercom-go-sdk/contacts/contacts.go:785.2,785.33 1 1
github.com/rassakhatsky/intercom-go-sdk/contacts/contacts.go:791.107,793.16 2 1
github.com/rassakhatsky/intercom-go-sdk/contacts/contacts.go:793.16,795.3 1 0
github.com/rassakhatsky/intercom-go-sdk/contacts/contacts.go:796.2,796.33 1 1
github.com/rassakhatsky/intercom-go-sdk/contacts/contacts.go:802.92,804.16 2 1
github.com/rassakhatsky/intercom-go-sdk/contacts/contacts.go:804.16,806.3 1 0
github.com/rassakhatsky/intercom-go-sdk/contacts/contacts.go:807.2,807.33 1 1
github.com/rassakhatsky/intercom-go-sdk/contacts/contacts.go:813.118,815.16 2 1
github.com/rassakhatsky/intercom-go-sdk/contacts/contacts.go:815.16,817.3 1 0
github.com/rassakhatsky/intercom-go-sdk/contacts/contacts.go:818.2,818.33 1 1
github.com/rassakhatsky/intercom-go-sdk/contacts/contacts.go:824.95,826.16 2 1
github.com/rassakhatsky/intercom-go-sdk/contacts/contacts.go:826.16,828.3 1 0
github.com/rassakhatsky/intercom-go-sdk/contacts/contacts.go:829.2,829.33 1 1
github.com/rassakhatsky/intercom-go-sdk/contacts/contacts.go:835.100,837.16 2 1
github.com/rassakhatsky/intercom-go-sdk/contacts/contacts.go:837.16,839.3 1 0
github.com/rassakhatsky/intercom-go-sdk/contacts/contacts.go:840.2,840.33 1 1
github.com/rassakhatsky/intercom-go-sdk/contacts/contacts.go:846.128,848.16 2 1
github.com/rassakhatsky/intercom-go-sdk/contacts/contacts.go:848.16,850.3 1 0
github.com/rassakhatsky/intercom-go-sdk/contacts/contacts.go:851.2,851.33 1 1
github.com/rassakhatsky/intercom-go-sdk/contacts/contacts.go:857.117,859.16 2 1
github.com/rassakhatsky/intercom-go-sdk/contacts/contacts.go:859.16,861.3 1 0
github.com/rassakhatsky/intercom-go-sdk/contacts/contacts.go:862.2,862.33 1 1
github.com/rassakhatsky/intercom-go-sdk/contacts/contacts.go:868.96,873.16 3 1
github.com/rassakhatsky/intercom-go-sdk/contacts/contacts.go:873.16,875.3 1 0
github.com/rassakhatsky/intercom-go-sdk/contacts/contacts.go:876.2,876.33 1 1
github.com/rassakhatsky/intercom-go-sdk/contacts/contacts.go:882.99,884.16 2 1
github.com/rassakhatsky/intercom-go-sdk/contacts/contacts.go:884.16,886.3 1 0
github.com/rassakhatsky/intercom-go-sdk/contacts/contacts.go:887.2,887.33 1 1
github.com/rassakhatsky/intercom-go-sdk/contacts/contacts.go:893.91,895.16 2 1
github.com/rassakhatsky/intercom-go-sdk/contacts/contacts.go:895.16,897.3 1 0
github.com/rassakhatsky/intercom-go-sdk/contacts/contacts.go:898.2,898.33 1 1
github.com/rassakhatsky/intercom-go-sdk/contacts/visitors.go:19.56,21.2 1 1
github.com/rassakhatsky/intercom-go-sdk/contacts/visitors.go:136.61,138.2 1 1
github.com/rassakhatsky/intercom-go-sdk/contacts/visitors.go:141.64,143.2 1 1
github.com/rassakhatsky/intercom-go-sdk/contacts/visitors.go:146.65,148.2 1 1
github.com/rassakhatsky/intercom-go-sdk/contacts/visitors.go:155.85,157.16 2 1
github.com/rassakhatsky/intercom-go-sdk/contacts/visitors.go:157.16,159.3 1 0
github.com/rassakhatsky/intercom-go-sdk/contacts/visitors.go:160.2,160.25 1 1
github.com/rassakhatsky/intercom-go-sdk/contacts/visitors.go:160.25,162.3 1 1
github.com/rassakhatsky/intercom-go-sdk/contacts/visitors.go:163.2,163.38 1 1
github.com/rassakhatsky/intercom-go-sdk/contacts/visitors.go:169.102,171.16 2 1
github.com/rassakhatsky/intercom-go-sdk/contacts/visitors.go:171.16,173.3 1 0
github.com/rassakhatsky/intercom-go-sdk/contacts/visitors.go:174.2,174.25 1 1
github.com/rassakhatsky/intercom-go-sdk/contacts/visitors.go:174.25,176.3 1 0
github.com/rassakhatsky/intercom-go-sdk/contacts/visitors.go:177.2,177.41 1 1
github.com/rassakhatsky/intercom-go-sdk/contacts/visitors.go:184.104,186.16 2 1
github.com/rassakhatsky/intercom-go-sdk/contacts/visitors.go:186.16,188.3 1 0
github.com/rassakhatsky/intercom-go-sdk/contacts/visitors.go:189.2,189.25 1 1
github.com/rassakhatsky/intercom-go-sdk/contacts/visitors.go:189.25,191.3 1 1
github.com/rassakhatsky/intercom-go-sdk/contacts/visitors.go:192.2,192.42 1 1
github.com/rassakhatsky/intercom-go-sdk/contacts/visitors.go:200.91,202.16 2 1
github.com/rassakhatsky/intercom-go-sdk/contacts/visitors.go:202.16,204.3 1 0
github.com/rassakhatsky/intercom-go-sdk/contacts/visitors.go:205.2,205.33 1 1
github.com/rassakhatsky/intercom-go-sdk/contacts/visitors.go:211.108,213.16 2 1
github.com/rassakhatsky/intercom-go-sdk/contacts/visitors.go:213.16,215.3 1 0
github.com/rassakhatsky/intercom-go-sdk/contacts/visitors.go:216.2,216.33 1 1
github.com/rassakhatsky/intercom-go-sdk/contacts/visitors.go:222.110,224.16 2 1
github.com/rassakhatsky/intercom-go-sdk/contacts/visitors.go:224.16,226.3 1 0
github.com/rassakhatsky/intercom-go-sdk/contacts/visitors.go:227.2,227.33 1 1
github.com/rassakhatsky/intercom-go-sdk/companies/companies.go:19.40,21.2 1 1
github.com/rassakhatsky/intercom-go-sdk/companies/companies.go:108.54,108.87 1 1
github.com/rassakhatsky/intercom-go-sdk/companies/companies.go:111.72,113.2 1 1
github.com/rassakhatsky/intercom-go-sdk/companies/companies.go:116.57,116.90 1 1
github.com/rassakhatsky/intercom-go-sdk/companies/companies.go:119.57,119.90 1 1
github.com/rassakhatsky/intercom-go-sdk/companies/companies.go:122.61,122.98 1 1
github.com/rassakhatsky/intercom-go-sdk/companies/companies.go:125.64,127.2 1 1
github.com/rassakhatsky/intercom-go-sdk/companies/companies.go:130.80,132.2 1 1
github.com/rassakhatsky/intercom-go-sdk/companies/companies.go:135.77,137.2 1 1
github.com/rassakhatsky/intercom-go-sdk/companies/companies.go:140.71,142.2 1 1
github.com/rassakhatsky/intercom-go-sdk/companies/companies.go:145.79,147.2 1 1
github.com/rassakhatsky/intercom-go-sdk/companies/companies.go:152.73,154.16 2 1
github.com/rassakhatsky/intercom-go-sdk/companies/companies.go:154.16,156.3 1 0
github.com/rassakhatsky/intercom-go-sdk/companies/companies.go:157.2,157.25 1 1
github.com/rassakhatsky/intercom-go-sdk/companies/companies.go:157.25,159.3 1 1
github.com/rassakhatsky/intercom-go-sdk/companies/companies.go:160.2,160.31 1 1
github.com/rassakhatsky/intercom-go-sdk/companies/companies.go:166.103,168.16 2 1
github.com/rassakhatsky/intercom-go-sdk/companies/companies.go:168.16,170.3 1 0
github.com/rassakhatsky/intercom-go-sdk/companies/companies.go:171.2,171.25 1 1
github.com/rassakhatsky/intercom-go-sdk/companies/companies.go:171.25,173.3 1 0
github.com/rassakhatsky/intercom-go-sdk/companies/companies.go:174.2,174.32 1 1
github.com/rassakhatsky/intercom-go-sdk/companies/companies.go:178.90,180.2 1 1
github.com/rassakhatsky/intercom-go-sdk/companies/companies.go:185.94,187.16 2 1
github.com/rassakhatsky/intercom-go-sdk/companies/companies.go:187.16,189.3 1 0
github.com/rassakhatsky/intercom-go-sdk/companies/companies.go:190.2,190.25 1 1
github.com/rassakhatsky/intercom-go-sdk/companies/companies.go:190.25,192.3 1 0
github.com/rassakhatsky/intercom-go-sdk/companies/companies.go:193.2,193.34 1 1
github.com/rassakhatsky/intercom-go-sdk/companies/companies.go:199.97,201.16 2 1
github.com/rassakhatsky/intercom-go-sdk/companies/companies.go:201.16,203.3 1 0
github.com/rassakhatsky/intercom-go-sdk/companies/companies.go:204.2,204.25 1 1
github.com/rassakhatsky/intercom-go-sdk/companies/companies.go:204.25,206.3 1 0
github.com/rassakhatsky/intercom-go-sdk/companies/companies.go:207.2,207.34 1 1
github.com/rassakhatsky/intercom-go-sdk/companies/companies.go:213.80,215.16 2 1
github.com/rassakhatsky/intercom-go-sdk/companies/companies.go:215.16,217.3 1 0
github.com/rassakhatsky/intercom-go-sdk/companies/companies.go:218.2,218.25 1 1
github.com/rassakhatsky/intercom-go-sdk/companies/companies.go:218.25,220.3 1 0
github.com/rassakhatsky/intercom-go-sdk/companies/companies.go:221.2,221.34 1 1
github.com/rassakhatsky/intercom-go-sdk/companies/companies.go:229.92,231.16 2 1
github.com/rassakhatsky/intercom-go-sdk/companies/companies.go:231.16,233.3 1 0
github.com/rassakhatsky/intercom-go-sdk/companies/companies.go:234.2,234.25 1 1
github.com/rassakhatsky/intercom-go-sdk/companies/companies.go:234.25,236.3 1 0
github.com/rassakhatsky/intercom-go-sdk/companies/companies.go:237.2,237.34 1 1
github.com/rassakhatsky/intercom-go-sdk/companies/companies.go:243.129,245.16 2 1
github.com/rassakhatsky/intercom-go-sdk/companies/companies.go:245.16,247.3 1 0
github.com/rassakhatsky/intercom-go-sdk/companies/companies.go:248.2,248.25 1 1
github.com/rassakhatsky/intercom-go-sdk/companies/companies.go:248.25,250.3 1 0
github.com/rassakhatsky/intercom-go-sdk/companies/companies.go:251.2,251.40 1 1
github.com/rassakhatsky/intercom-go-sdk/companies/companies.go:257.103,259.16 2 1
github.com/rassakhatsky/intercom-go-sdk/companies/companies.go:259.16,261.3 1 0
github.com/rassakhatsky/intercom-go-sdk/companies/companies.go:262.2,262.25 1 1
github.com/rassakhatsky/intercom-go-sdk/companies/companies.go:262.25,264.3 1 0
github.com/rassakhatsky/intercom-go-sdk/companies/companies.go:265.2,265.40 1 1
github.com/rassakhatsky/intercom-go-sdk/companies/companies.go:271.97,273.16 2 1
github.com/rassakhatsky/intercom-go-sdk/companies/companies.go:273.16,275.3 1 0
github.com/rassakhatsky/intercom-go-sdk/companies/companies.go:276.2,276.25 1 1
github.com/rassakhatsky/intercom-go-sdk/companies/companies.go:276.25,278.3 1 0
github.com/rassakhatsky/intercom-go-sdk/companies/companies.go:279.2,279.37 1 1
github.com/rassakhatsky/intercom-go-sdk/companies/companies.go:286.106,288.16 2 1
github.com/rassakhatsky/intercom-go-sdk/companies/companies.go:288.16,290.3 1 0
github.com/rassakhatsky/intercom-go-sdk/companies/companies.go:291.2,291.25 1 1
github.com/rassakhatsky/intercom-go-sdk/companies/companies.go:291.25,293.3 1 0
github.com/rassakhatsky/intercom-go-sdk/companies/companies.go:294.2,294.39 1 1
github.com/rassakhatsky/intercom-go-sdk/companies/companies.go:300.79,302.16 2 1
github.com/rassakhatsky/intercom-go-sdk/companies/companies.go:302.16,304.3 1 0
github.com/rassakhatsky/intercom-go-sdk/companies/companies.go:305.2,305.33 1 1
github.com/rassakhatsky/intercom-go-sdk/companies/companies.go:311.92,313.16 2 1
github.com/rassakhatsky/intercom-go-sdk/companies/companies.go:313.16,315.3 1 0
github.com/rassakhatsky/intercom-go-sdk/companies/companies.go:316.2,317.16 2 1
github.com/rassakhatsky/intercom-go-sdk/companies/companies.go:317.16,319.3 1 0
github.com/rassakhatsky/intercom-go-sdk/companies/companies.go:320.2,320.33 1 1
github.com/rassakhatsky/intercom-go-sdk/companies/companies.go:326.95,328.16 2 1
github.com/rassakhatsky/intercom-go-sdk/companies/companies.go:328.16,330.3 1 0
github.com/rassakhatsky/intercom-go-sdk/companies/companies.go:331.2,331.33 1 1
github.com/rassakhatsky/intercom-go-sdk/companies/companies.go:337.100,339.16 2 1
github.com/rassakhatsky/intercom-go-sdk/companies/companies.go:339.16,341.3 1 0
github.com/rassakhatsky/intercom-go-sdk/companies/companies.go:342.2,342.33 1 1
github.com/rassakhatsky/intercom-go-sdk/companies/companies.go:348.103,350.16 2 1
github.com/rassakhatsky/intercom-go-sdk/companies/companies.go:350.16,352.3 1 0
github.com/rassakhatsky/intercom-go-sdk/companies/companies.go:353.2,353.33 1 1
github.com/rassakhatsky/intercom-go-sdk/companies/companies.go:359.82,361.16 2 1
github.com/rassakhatsky/intercom-go-sdk/companies/companies.go:361.16,363.3 1 0
github.com/rassakhatsky/intercom-go-sdk/companies/companies.go:364.2,364.33 1 1
github.com/rassakhatsky/intercom-go-sdk/companies/companies.go:370.91,373.16 3 1
github.com/rassakhatsky/intercom-go-sdk/companies/companies.go:373.16,375.3 1 0
github.com/rassakhatsky/intercom-go-sdk/companies/companies.go:376.2,377.16 2 1
github.com/rassakhatsky/intercom-go-sdk/companies/companies.go:377.16,379.3 1 0
github.com/rassakhatsky/intercom-go-sdk/companies/companies.go:380.2,380.33 1 1
github.com/rassakhatsky/intercom-go-sdk/companies/companies.go:386.118,388.16 2 1
github.com/rassakhatsky/intercom-go-sdk/companies/companies.go:388.16,390.3 1 0
github.com/rassakhatsky/intercom-go-sdk/companies/companies.go:391.2,392.16 2 1
github.com/rassakhatsky/intercom-go-sdk/companies/companies.go:392.16,394.3 1 0
github.com/rassakhatsky/intercom-go-sdk/companies/companies.go:395.2,395.33 1 1
github.com/rassakhatsky/intercom-go-sdk/companies/companies.go:401.95,403.16 2 1
github.com/rassakhatsky/intercom-go-sdk/companies/companies.go:403.16,405.3 1 0
github.com/rassakhatsky/intercom-go-sdk/companies/companies.go:406.2,406.33 1 1
github.com/rassakhatsky/intercom-go-sdk/companies/companies.go:412.92,414.16 2 1
github.com/rassakhatsky/intercom-go-sdk/companies/companies.go:414.16,416.3 1 0
github.com/rassakhatsky/intercom-go-sdk/companies/companies.go:417.2,417.33 1 1
github.com/rassakhatsky/intercom-go-sdk/conversations/conversations.go:19.40,21.2 1 1
github.com/rassakhatsky/intercom-go-sdk/conversations/conversations.go:187.71,194.2 1 1
github.com/rassakhatsky/intercom-go-sdk/conversations/conversations.go:197.59,197.97 1 1
github.com/rassakhatsky/intercom-go-sdk/conversations/conversations.go:201.77,203.16 2 1
github.com/rassakhatsky/intercom-go-sdk/conversations/conversations.go:203.16,205.3 1 0
github.com/rassakhatsky/intercom-go-sdk/conversations/conversations.go:206.2,206.33 1 1
github.com/rassakhatsky/intercom-go-sdk/conversations/conversations.go:210.57,212.2 1 1
github.com/rassakhatsky/intercom-go-sdk/conversations/conversations.go:215.62,215.100 1 1
github.com/rassakhatsky/intercom-go-sdk/conversations/conversations.go:218.61,220.2 1 1
github.com/rassakhatsky/intercom-go-sdk/conversations/conversations.go:224.79,226.16 2 1
github.com/rassakhatsky/intercom-go-sdk/conversations/conversations.go:226.16,228.3 1 0
github.com/rassakhatsky/intercom-go-sdk/conversations/conversations.go:229.2,229.33 1 1
github.com/rassakhatsky/intercom-go-sdk/conversations/conversations.go:233.61,233.99 1 1
github.com/rassakhatsky/intercom-go-sdk/conversations/conversations.go:236.61,236.99 1 1
github.com/rassakhatsky/intercom-go-sdk/conversations/conversations.go:239.60,239.98 1 1
github.com/rassakhatsky/intercom-go-sdk/conversations/conversations.go:242.62,242.100 1 1
github.com/rassakhatsky/intercom-go-sdk/conversations/conversations.go:245.62,245.100 1 1
github.com/rassakhatsky/intercom-go-sdk/conversations/conversations.go:248.66,250.2 1 1
github.com/rassakhatsky/intercom-go-sdk/conversations/conversations.go:253.62,253.100 1 1
github.com/rassakhatsky/intercom-go-sdk/conversations/conversations.go:256.67,258.2 1 1
github.com/rassakhatsky/intercom-go-sdk/conversations/conversations.go:261.70,263.2 1 1
github.com/rassakhatsky/intercom-go-sdk/conversations/conversations.go:266.60,266.96 1 1
github.com/rassakhatsky/intercom-go-sdk/conversations/conversations.go:269.63,269.99 1 1
github.com/rassakhatsky/intercom-go-sdk/conversations/conversations.go:274.78,276.16 2 1
github.com/rassakhatsky/intercom-go-sdk/conversations/conversations.go:276.16,278.3 1 0
github.com/rassakhatsky/intercom-go-sdk/conversations/conversations.go:279.2,279.25 1 1
github.com/rassakhatsky/intercom-go-sdk/conversations/conversations.go:279.25,281.3 1 1
github.com/rassakhatsky/intercom-go-sdk/conversations/conversations.go:282.2,282.31 1 1
github.com/rassakhatsky/intercom-go-sdk/conversations/conversations.go:288.108,290.16 2 1
github.com/rassakhatsky/intercom-go-sdk/conversations/conversations.go:290.16,292.3 1 0
github.com/rassakhatsky/intercom-go-sdk/conversations/conversations.go:293.2,293.25 1 1
github.com/rassakhatsky/intercom-go-sdk/conversations/conversations.go:293.25,295.3 1 1
github.com/rassakhatsky/intercom-go-sdk/conversations/conversations.go:296.2,296.32 1 1
github.com/rassakhatsky/intercom-go-sdk/conversations/conversations.go:300.95,302.2 1 1
github.com/rassakhatsky/intercom-go-sdk/conversations/conversations.go:307.86,309.16 2 1
github.com/rassakhatsky/intercom-go-sdk/conversations/conversations.go:309.16,311.3 1 0
github.com/rassakhatsky/intercom-go-sdk/conversations/conversations.go:312.2,312.25 1 1
github.com/rassakhatsky/intercom-go-sdk/conversations/conversations.go:312.25,314.3 1 0
github.com/rassakhatsky/intercom-go-sdk/conversations/conversations.go:315.2,315.34 1 1
github.com/rassakhatsky/intercom-go-sdk/conversations/conversations.go:321.102,323.16 2 1
github.com/rassakhatsky/intercom-go-sdk/conversations/conversations.go:323.16,325.3 1 0
github.com/rassakhatsky/intercom-go-sdk/conversations/conversations.go:326.2,326.25 1 1
github.com/rassakhatsky/intercom-go-sdk/conversations/conversations.go:326.25,328.3 1 0
github.com/rassakhatsky/intercom-go-sdk/conversations/conversations.go:329.2,329.34 1 1
github.com/rassakhatsky/intercom-go-sdk/conversations/conversations.go:335.80,337.16 2 1
github.com/rassakhatsky/intercom-go-sdk/conversations/conversations.go:337.16,339.3 1 0
github.com/rassakhatsky/intercom-go-sdk/conversations/conversations.go:340.2,340.25 1 1
github.com/rassakhatsky/intercom-go-sdk/conversations/conversations.go:340.25,342.3 1 0
github.com/rassakhatsky/intercom-go-sdk/conversations/conversations.go:343.2,343.34 1 1
github.com/rassakhatsky/intercom-go-sdk/conversations/conversations.go:349.112,351.16 2 1
github.com/rassakhatsky/intercom-go-sdk/conversations/conversations.go:351.16,353.3 1 0
github.com/rassakhatsky/intercom-go-sdk/conversations/conversations.go:354.2,354.25 1 1
github.com/rassakhatsky/intercom-go-sdk/conversations/conversations.go:354.25,356.3 1 0
github.com/rassakhatsky/intercom-go-sdk/conversations/conversations.go:357.2,357.34 1 1
github.com/rassakhatsky/intercom-go-sdk/conversations/conversations.go:363.100,365.16 2 1
github.com/rassakhatsky/intercom-go-sdk/conversations/conversations.go:365.16,367.3 1 0
github.com/rassakhatsky/intercom-go-sdk/conversations/conversations.go:368.2,368.25 1 1
github.com/rassakhatsky/intercom-go-sdk/conversations/conversations.go:368.25,370.3 1 0
github.com/rassakhatsky/intercom-go-sdk/conversations/conversations.go:371.2,371.33 1 1
github.com/rassakhatsky/intercom-go-sdk/conversations/conversations.go:377.101,379.16 2 1
github.com/rassakhatsky/intercom-go-sdk/conversations/conversations.go:379.16,381.3 1 0
github.com/rassakhatsky/intercom-go-sdk/conversations/conversations.go:382.2,382.25 1 1
github.com/rassakhatsky/intercom-go-sdk/conversations/conversations.go:382.25,384.3 1 0
github.com/rassakhatsky/intercom-go-sdk/conversations/conversations.go:385.2,385.33 1 1
github.com/rassakhatsky/intercom-go-sdk/conversations/conversations.go:391.100,393.16 2 1
github.com/rassakhatsky/intercom-go-sdk/conversations/conversations.go:393.16,395.3 1 0
github.com/rassakhatsky/intercom-go-sdk/conversations/conversations.go:396.2,396.25 1 1
github.com/rassakhatsky/intercom-go-sdk/conversations/conversations.go:396.25,398.3 1 0
github.com/rassakhatsky/intercom-go-sdk/conversations/conversations.go:399.2,399.32 1 1
github.com/rassakhatsky/intercom-go-sdk/conversations/conversations.go:405.102,407.16 2 1
github.com/rassakhatsky/intercom-go-sdk/conversations/conversations.go:407.16,409.3 1 0
github.com/rassakhatsky/intercom-go-sdk/conversations/conversations.go:410.2,410.25 1 1
github.com/rassakhatsky/intercom-go-sdk/conversations/conversations.go:410.25,412.3 1 0
github.com/rassakhatsky/intercom-go-sdk/conversations/conversations.go:413.2,413.34 1 1
github.com/rassakhatsky/intercom-go-sdk/conversations/conversations.go:419.102,421.16 2 1
github.com/rassakhatsky/intercom-go-sdk/conversations/conversations.go:421.16,423.3 1 0
github.com/rassakhatsky/intercom-go-sdk/conversations/conversations.go:424.2,424.25 1 1
github.com/rassakhatsky/intercom-go-sdk/conversations/conversations.go:424.25,426.3 1 0
github.com/rassakhatsky/intercom-go-sdk/conversations/conversations.go:427.2,427.34 1 1
github.com/rassakhatsky/intercom-go-sdk/conversations/conversations.go:433.107,435.16 2 1
github.com/rassakhatsky/intercom-go-sdk/conversations/conversations.go:435.16,437.3 1 0
github.com/rassakhatsky/intercom-go-sdk/conversations/conversations.go:438.2,438.25 1 1
github.com/rassakhatsky/intercom-go-sdk/conversations/conversations.go:438.25,440.3 1 0
github.com/rassakhatsky/intercom-go-sdk/conversations/conversations.go:441.2,441.35 1 1
github.com/rassakhatsky/intercom-go-sdk/conversations/conversations.go:447.91,449.16 2 1
github.com/rassakhatsky/intercom-go-sdk/conversations/conversations.go:449.16,451.3 1 0
github.com/rassakhatsky/intercom-go-sdk/conversations/conversations.go:452.2,452.25 1 1
github.com/rassakhatsky/intercom-go-sdk/conversations/conversations.go:452.25,454.3 1 0
github.com/rassakhatsky/intercom-go-sdk/conversations/conversations.go:455.2,455.34 1 1
github.com/rassakhatsky/intercom-go-sdk/conversations/conversations.go:461.126,463.16 2 1
github.com/rassakhatsky/intercom-go-sdk/conversations/conversations.go:463.16,465.3 1 0
github.com/rassakhatsky/intercom-go-sdk/conversations/conversations.go:466.2,466.25 1 1
github.com/rassakhatsky/intercom-go-sdk/conversations/conversations.go:466.25,468.3 1 0
github.com/rassakhatsky/intercom-go-sdk/conversations/conversations.go:469.2,469.39 1 1
github.com/rassakhatsky/intercom-go-sdk/conversations/conversations.go:475.140,477.16 2 1
github.com/rassakhatsky/intercom-go-sdk/conversations/conversations.go:477.16,479.3 1 0
github.com/rassakhatsky/intercom-go-sdk/conversations/conversations.go:480.2,480.25 1 1
github.com/rassakhatsky/intercom-go-sdk/conversations/conversations.go:480.25,482.3 1 0
github.com/rassakhatsky/intercom-go-sdk/conversations/conversations.go:483.2,483.42 1 1
github.com/rassakhatsky/intercom-go-sdk/conversations/conversations.go:489.107,491.16 2 1
github.com/rassakhatsky/intercom-go-sdk/conversations/conversations.go:491.16,493.3 1 0
github.com/rassakhatsky/intercom-go-sdk/conversations/conversations.go:494.2,494.25 1 1
github.com/rassakhatsky/intercom-go-sdk/conversations/conversations.go:494.25,496.3 1 0
[...]
github.com/rassakhatsky/intercom-go-sdk/settings/channelevents.go:145.2,145.52 1 1
github.com/rassakhatsky/intercom-go-sdk/settings/channelevents.go:153.117,155.16 2 1
github.com/rassakhatsky/intercom-go-sdk/settings/channelevents.go:155.16,157.3 1 0
github.com/rassakhatsky/intercom-go-sdk/settings/channelevents.go:158.2,158.33 1 1
github.com/rassakhatsky/intercom-go-sdk/settings/channelevents.go:164.115,166.16 2 1
github.com/rassakhatsky/intercom-go-sdk/settings/channelevents.go:166.16,168.3 1 0
github.com/rassakhatsky/intercom-go-sdk/settings/channelevents.go:169.2,169.33 1 1
github.com/rassakhatsky/intercom-go-sdk/settings/channelevents.go:175.118,177.16 2 1
github.com/rassakhatsky/intercom-go-sdk/settings/channelevents.go:177.16,179.3 1 0
github.com/rassakhatsky/intercom-go-sdk/settings/channelevents.go:180.2,180.33 1 1
github.com/rassakhatsky/intercom-go-sdk/settings/channelevents.go:186.125,188.16 2 1
github.com/rassakhatsky/intercom-go-sdk/settings/channelevents.go:188.16,190.3 1 0
github.com/rassakhatsky/intercom-go-sdk/settings/channelevents.go:191.2,191.33 1 1
github.com/rassakhatsky/intercom-go-sdk/settings/ipallowlist.go:17.62,19.2 1 1
github.com/rassakhatsky/intercom-go-sdk/settings/ipallowlist.go:38.77,40.2 1 1
github.com/rassakhatsky/intercom-go-sdk/settings/ipallowlist.go:43.80,45.2 1 1
github.com/rassakhatsky/intercom-go-sdk/settings/ipallowlist.go:52.85,54.16 2 1
github.com/rassakhatsky/intercom-go-sdk/settings/ipallowlist.go:54.16,56.3 1 0
github.com/rassakhatsky/intercom-go-sdk/settings/ipallowlist.go:57.2,57.25 1 1
github.com/rassakhatsky/intercom-go-sdk/settings/ipallowlist.go:57.25,59.3 1 0
github.com/rassakhatsky/intercom-go-sdk/settings/ipallowlist.go:60.2,60.42 1 1
github.com/rassakhatsky/intercom-go-sdk/settings/ipallowlist.go:66.120,68.16 2 1
github.com/rassakhatsky/intercom-go-sdk/settings/ipallowlist.go:68.16,70.3 1 0
github.com/rassakhatsky/intercom-go-sdk/settings/ipallowlist.go:71.2,71.25 1 1
github.com/rassakhatsky/intercom-go-sdk/settings/ipallowlist.go:71.25,73.3 1 0
github.com/rassakhatsky/intercom-go-sdk/settings/ipallowlist.go:74.2,74.45 1 1
github.com/rassakhatsky/intercom-go-sdk/settings/ipallowlist.go:82.79,84.16 2 1
github.com/rassakhatsky/intercom-go-sdk/settings/ipallowlist.go:84.16,86.3 1 0
github.com/rassakhatsky/intercom-go-sdk/settings/ipallowlist.go:87.2,87.33 1 1
github.com/rassakhatsky/intercom-go-sdk/settings/ipallowlist.go:93.114,95.16 2 1
github.com/rassakhatsky/intercom-go-sdk/settings/ipallowlist.go:95.16,97.3 1 0
github.com/rassakhatsky/intercom-go-sdk/settings/ipallowlist.go:98.2,98.33 1 1
github.com/rassakhatsky/intercom-go-sdk/settings/jobs.go:19.48,21.2 1 1
github.com/rassakhatsky/intercom-go-sdk/settings/jobs.go:37.59,39.2 1 1
github.com/rassakhatsky/intercom-go-sdk/settings/jobs.go:46.82,48.16 2 1
github.com/rassakhatsky/intercom-go-sdk/settings/jobs.go:48.16,50.3 1 0
github.com/rassakhatsky/intercom-go-sdk/settings/jobs.go:51.2,51.25 1 1
github.com/rassakhatsky/intercom-go-sdk/settings/jobs.go:51.25,53.3 1 1
github.com/rassakhatsky/intercom-go-sdk/settings/jobs.go:54.2,54.40 1 1
github.com/rassakhatsky/intercom-go-sdk/settings/jobs.go:62.92,64.16 2 1
github.com/rassakhatsky/intercom-go-sdk/settings/jobs.go:64.16,66.3 1 0
github.com/rassakhatsky/intercom-go-sdk/settings/jobs.go:67.2,67.33 1 1
github.com/rassakhatsky/intercom-go-sdk/settings/notes.go:19.50,21.2 1 1
github.com/rassakhatsky/intercom-go-sdk/settings/notes.go:26.59,28.2 1 1
github.com/rassakhatsky/intercom-go-sdk/settings/notes.go:35.79,37.16 2 1
github.com/rassakhatsky/intercom-go-sdk/settings/notes.go:37.16,39.3 1 0
github.com/rassakhatsky/intercom-go-sdk/settings/notes.go:40.2,40.25 1 1
github.com/rassakhatsky/intercom-go-sdk/settings/notes.go:40.25,42.3 1 1
github.com/rassakhatsky/intercom-go-sdk/settings/notes.go:43.2,43.35 1 1
github.com/rassakhatsky/intercom-go-sdk/settings/notes.go:51.84,53.16 2 1
github.com/rassakhatsky/intercom-go-sdk/settings/notes.go:53.16,55.3 1 0
github.com/rassakhatsky/intercom-go-sdk/settings/notes.go:56.2,56.33 1 1
github.com/rassakhatsky/intercom-go-sdk/tags/tags.go:19.40,21.2 1 1
github.com/rassakhatsky/intercom-go-sdk/tags/tags.go:63.50,65.2 1 1
github.com/rassakhatsky/intercom-go-sdk/tags/tags.go:68.52,70.2 1 1
github.com/rassakhatsky/intercom-go-sdk/tags/tags.go:73.61,75.2 1 1
github.com/rassakhatsky/intercom-go-sdk/tags/tags.go:78.59,80.2 1 0
github.com/rassakhatsky/intercom-go-sdk/tags/tags.go:83.57,85.2 1 1
github.com/rassakhatsky/intercom-go-sdk/tags/tags.go:88.59,90.2 1 1
github.com/rassakhatsky/intercom-go-sdk/tags/tags.go:97.69,99.16 2 1
github.com/rassakhatsky/intercom-go-sdk/tags/tags.go:99.16,101.3 1 0
github.com/rassakhatsky/intercom-go-sdk/tags/tags.go:102.2,102.25 1 1
github.com/rassakhatsky/intercom-go-sdk/tags/tags.go:102.25,104.3 1 1
github.com/rassakhatsky/intercom-go-sdk/tags/tags.go:105.2,105.31 1 1
github.com/rassakhatsky/intercom-go-sdk/tags/tags.go:111.60,113.16 2 1
github.com/rassakhatsky/intercom-go-sdk/tags/tags.go:113.16,115.3 1 0
github.com/rassakhatsky/intercom-go-sdk/tags/tags.go:116.2,116.25 1 1
github.com/rassakhatsky/intercom-go-sdk/tags/tags.go:116.25,118.3 1 0
github.com/rassakhatsky/intercom-go-sdk/tags/tags.go:119.2,119.32 1 1
github.com/rassakhatsky/intercom-go-sdk/tags/tags.go:126.98,128.16 2 1
github.com/rassakhatsky/intercom-go-sdk/tags/tags.go:128.16,130.3 1 0
github.com/rassakhatsky/intercom-go-sdk/tags/tags.go:131.2,131.25 1 1
github.com/rassakhatsky/intercom-go-sdk/tags/tags.go:131.25,133.3 1 0
github.com/rassakhatsky/intercom-go-sdk/tags/tags.go:134.2,134.42 1 1
github.com/rassakhatsky/intercom-go-sdk/tags/tags.go:140.64,142.16 2 1
github.com/rassakhatsky/intercom-go-sdk/tags/tags.go:142.16,144.3 1 0
github.com/rassakhatsky/intercom-go-sdk/tags/tags.go:145.2,145.25 1 1
github.com/rassakhatsky/intercom-go-sdk/tags/tags.go:145.25,147.3 1 0
github.com/rassakhatsky/intercom-go-sdk/tags/tags.go:148.2,148.12 1 1
github.com/rassakhatsky/intercom-go-sdk/tags/tags.go:155.90,157.16 2 1
github.com/rassakhatsky/intercom-go-sdk/tags/tags.go:157.16,159.3 1 0
github.com/rassakhatsky/intercom-go-sdk/tags/tags.go:160.2,160.25 1 1
github.com/rassakhatsky/intercom-go-sdk/tags/tags.go:160.25,162.3 1 0
github.com/rassakhatsky/intercom-go-sdk/tags/tags.go:163.2,163.38 1 1
github.com/rassakhatsky/intercom-go-sdk/tags/tags.go:169.94,171.16 2 1
github.com/rassakhatsky/intercom-go-sdk/tags/tags.go:171.16,173.3 1 0
github.com/rassakhatsky/intercom-go-sdk/tags/tags.go:174.2,174.25 1 1
github.com/rassakhatsky/intercom-go-sdk/tags/tags.go:174.25,176.3 1 0
github.com/rassakhatsky/intercom-go-sdk/tags/tags.go:177.2,177.40 1 1
github.com/rassakhatsky/intercom-go-sdk/tags/tags.go:185.79,187.16 2 1
github.com/rassakhatsky/intercom-go-sdk/tags/tags.go:187.16,189.3 1 0
github.com/rassakhatsky/intercom-go-sdk/tags/tags.go:190.2,190.33 1 1
github.com/rassakhatsky/intercom-go-sdk/tags/tags.go:196.69,198.16 2 1
github.com/rassakhatsky/intercom-go-sdk/tags/tags.go:198.16,200.3 1 0
github.com/rassakhatsky/intercom-go-sdk/tags/tags.go:201.2,201.33 1 1
github.com/rassakhatsky/intercom-go-sdk/tags/tags.go:207.108,209.16 2 1
github.com/rassakhatsky/intercom-go-sdk/tags/tags.go:209.16,211.3 1 0
github.com/rassakhatsky/intercom-go-sdk/tags/tags.go:212.2,212.33 1 1
github.com/rassakhatsky/intercom-go-sdk/tags/tags.go:218.82,220.16 2 1
github.com/rassakhatsky/intercom-go-sdk/tags/tags.go:220.16,222.3 1 0
github.com/rassakhatsky/intercom-go-sdk/tags/tags.go:223.2,223.33 1 1
github.com/rassakhatsky/intercom-go-sdk/tags/tags.go:229.100,231.16 2 1
github.com/rassakhatsky/intercom-go-sdk/tags/tags.go:231.16,233.3 1 0
github.com/rassakhatsky/intercom-go-sdk/tags/tags.go:234.2,234.33 1 1
github.com/rassakhatsky/intercom-go-sdk/tags/tags.go:240.104,242.16 2 1
github.com/rassakhatsky/intercom-go-sdk/tags/tags.go:242.16,244.3 1 0
github.com/rassakhatsky/intercom-go-sdk/tags/tags.go:245.2,245.33 1 1
github.com/rassakhatsky/intercom-go-sdk/tickets/states.go:17.52,19.2 1 1
github.com/rassakhatsky/intercom-go-sdk/tickets/states.go:40.62,42.2 1 1
github.com/rassakhatsky/intercom-go-sdk/tickets/states.go:49.71,51.16 2 1
github.com/rassakhatsky/intercom-go-sdk/tickets/states.go:51.16,53.3 1 0
github.com/rassakhatsky/intercom-go-sdk/tickets/states.go:54.2,54.25 1 1
github.com/rassakhatsky/intercom-go-sdk/tickets/states.go:54.25,56.3 1 1
github.com/rassakhatsky/intercom-go-sdk/tickets/states.go:57.2,57.37 1 1
github.com/rassakhatsky/intercom-go-sdk/tickets/states.go:65.75,67.16 2 1
github.com/rassakhatsky/intercom-go-sdk/tickets/states.go:67.16,69.3 1 0
github.com/rassakhatsky/intercom-go-sdk/tickets/states.go:70.2,70.33 1 1
github.com/rassakhatsky/intercom-go-sdk/tickets/tickets.go:19.40,21.2 1 1
github.com/rassakhatsky/intercom-go-sdk/tickets/tickets.go:142.65,149.2 1 1
github.com/rassakhatsky/intercom-go-sdk/tickets/tickets.go:154.53,156.2 1 1
github.com/rassakhatsky/intercom-go-sdk/tickets/tickets.go:159.56,161.2 1 1
github.com/rassakhatsky/intercom-go-sdk/tickets/tickets.go:164.56,166.2 1 1
github.com/rassakhatsky/intercom-go-sdk/tickets/tickets.go:169.61,171.2 1 1
github.com/rassakhatsky/intercom-go-sdk/tickets/tickets.go:175.73,177.16 2 1
github.com/rassakhatsky/intercom-go-sdk/tickets/tickets.go:177.16,179.3 1 0
github.com/rassakhatsky/intercom-go-sdk/tickets/tickets.go:180.2,180.33 1 1
github.com/rassakhatsky/intercom-go-sdk/tickets/tickets.go:184.57,186.2 1 1
github.com/rassakhatsky/intercom-go-sdk/tickets/tickets.go:189.60,191.2 1 1
github.com/rassakhatsky/intercom-go-sdk/tickets/tickets.go:194.63,196.2 1 1
github.com/rassakhatsky/intercom-go-sdk/tickets/tickets.go:199.62,201.2 1 1
github.com/rassakhatsky/intercom-go-sdk/tickets/tickets.go:208.72,210.16 2 1
github.com/rassakhatsky/intercom-go-sdk/tickets/tickets.go:210.16,212.3 1 0
github.com/rassakhatsky/intercom-go-sdk/tickets/tickets.go:213.2,213.25 1 1
github.com/rassakhatsky/intercom-go-sdk/tickets/tickets.go:213.25,215.3 1 1
github.com/rassakhatsky/intercom-go-sdk/tickets/tickets.go:216.2,216.31 1 1
github.com/rassakhatsky/intercom-go-sdk/tickets/tickets.go:222.85,224.16 2 1
github.com/rassakhatsky/intercom-go-sdk/tickets/tickets.go:224.16,226.3 1 0
github.com/rassakhatsky/intercom-go-sdk/tickets/tickets.go:227.2,227.25 1 1
github.com/rassakhatsky/intercom-go-sdk/tickets/tickets.go:227.25,229.3 1 0
github.com/rassakhatsky/intercom-go-sdk/tickets/tickets.go:230.2,230.34 1 1
github.com/rassakhatsky/intercom-go-sdk/tickets/tickets.go:236.96,238.16 2 1
github.com/rassakhatsky/intercom-go-sdk/tickets/tickets.go:238.16,240.3 1 0
github.com/rassakhatsky/intercom-go-sdk/tickets/tickets.go:241.2,241.25 1 1
github.com/rassakhatsky/intercom-go-sdk/tickets/tickets.go:241.25,243.3 1 0
github.com/rassakhatsky/intercom-go-sdk/tickets/tickets.go:244.2,244.34 1 1
github.com/rassakhatsky/intercom-go-sdk/tickets/tickets.go:250.80,252.16 2 1
github.com/rassakhatsky/intercom-go-sdk/tickets/tickets.go:252.16,254.3 1 0
github.com/rassakhatsky/intercom-go-sdk/tickets/tickets.go:255.2,255.25 1 1
github.com/rassakhatsky/intercom-go-sdk/tickets/tickets.go:255.25,257.3 1 0
github.com/rassakhatsky/intercom-go-sdk/tickets/tickets.go:258.2,258.34 1 1
github.com/rassakhatsky/intercom-go-sdk/tickets/tickets.go:264.106,266.16 2 1
github.com/rassakhatsky/intercom-go-sdk/tickets/tickets.go:266.16,268.3 1 0
github.com/rassakhatsky/intercom-go-sdk/tickets/tickets.go:269.2,269.25 1 1
github.com/rassakhatsky/intercom-go-sdk/tickets/tickets.go:269.25,271.3 1 1
github.com/rassakhatsky/intercom-go-sdk/tickets/tickets.go:272.2,272.34 1 1
github.com/rassakhatsky/intercom-go-sdk/tickets/tickets.go:278.96,280.16 2 1
github.com/rassakhatsky/intercom-go-sdk/tickets/tickets.go:280.16,282.3 1 0
github.com/rassakhatsky/intercom-go-sdk/tickets/tickets.go:283.2,283.25 1 1
github.com/rassakhatsky/intercom-go-sdk/tickets/tickets.go:283.25,285.3 1 0
github.com/rassakhatsky/intercom-go-sdk/tickets/tickets.go:286.2,286.33 1 1
github.com/rassakhatsky/intercom-go-sdk/tickets/tickets.go:292.101,294.16 2 1
github.com/rassakhatsky/intercom-go-sdk/tickets/tickets.go:294.16,296.3 1 0
github.com/rassakhatsky/intercom-go-sdk/tickets/tickets.go:297.2,297.25 1 1
github.com/rassakhatsky/intercom-go-sdk/tickets/tickets.go:297.25,299.3 1 0
github.com/rassakhatsky/intercom-go-sdk/tickets/tickets.go:300.2,300.34 1 1
github.com/rassakhatsky/intercom-go-sdk/tickets/tickets.go:306.104,308.16 2 1
github.com/rassakhatsky/intercom-go-sdk/tickets/tickets.go:308.16,310.3 1 0
github.com/rassakhatsky/intercom-go-sdk/tickets/tickets.go:311.2,311.25 1 1
github.com/rassakhatsky/intercom-go-sdk/tickets/tickets.go:311.25,313.3 1 0
github.com/rassakhatsky/intercom-go-sdk/tickets/tickets.go:314.2,314.37 1 1
github.com/rassakhatsky/intercom-go-sdk/tickets/tickets.go:320.91,322.16 2 1
github.com/rassakhatsky/intercom-go-sdk/tickets/tickets.go:322.16,324.3 1 0
github.com/rassakhatsky/intercom-go-sdk/tickets/tickets.go:325.2,325.25 1 1
github.com/rassakhatsky/intercom-go-sdk/tickets/tickets.go:325.25,327.3 1 0
github.com/rassakhatsky/intercom-go-sdk/tickets/tickets.go:328.2,328.35 1 1
github.com/rassakhatsky/intercom-go-sdk/tickets/tickets.go:336.79,338.16 2 1
github.com/rassakhatsky/intercom-go-sdk/tickets/tickets.go:338.16,340.3 1 0
github.com/rassakhatsky/intercom-go-sdk/tickets/tickets.go:341.2,341.33 1 1
github.com/rassakhatsky/intercom-go-sdk/tickets/tickets.go:347.92,349.16 2 1
github.com/rassakhatsky/intercom-go-sdk/tickets/tickets.go:349.16,351.3 1 0
github.com/rassakhatsky/intercom-go-sdk/tickets/tickets.go:352.2,352.33 1 1
github.com/rassakhatsky/intercom-go-sdk/tickets/tickets.go:358.103,360.16 2 1
github.com/rassakhatsky/intercom-go-sdk/tickets/tickets.go:360.16,362.3 1 0
github.com/rassakhatsky/intercom-go-sdk/tickets/tickets.go:363.2,363.33 1 1
github.com/rassakhatsky/intercom-go-sdk/tickets/tickets.go:369.82,371.16 2 1
github.com/rassakhatsky/intercom-go-sdk/tickets/tickets.go:371.16,373.3 1 0
github.com/rassakhatsky/intercom-go-sdk/tickets/tickets.go:374.2,374.33 1 1
github.com/rassakhatsky/intercom-go-sdk/tickets/tickets.go:380.96,382.16 2 1
github.com/rassakhatsky/intercom-go-sdk/tickets/tickets.go:382.16,384.3 1 0
github.com/rassakhatsky/intercom-go-sdk/tickets/tickets.go:385.2,385.33 1 1
github.com/rassakhatsky/intercom-go-sdk/tickets/tickets.go:391.101,393.16 2 1
github.com/rassakhatsky/intercom-go-sdk/tickets/tickets.go:393.16,395.3 1 0
github.com/rassakhatsky/intercom-go-sdk/tickets/tickets.go:396.2,396.33 1 1
github.com/rassakhatsky/intercom-go-sdk/tickets/tickets.go:402.104,408.16 3 1
github.com/rassakhatsky/intercom-go-sdk/tickets/tickets.go:408.16,410.3 1 0
github.com/rassakhatsky/intercom-go-sdk/tickets/tickets.go:411.2,411.33 1 1
github.com/rassakhatsky/intercom-go-sdk/tickets/tickets.go:417.107,422.16 3 1
github.com/rassakhatsky/intercom-go-sdk/tickets/tickets.go:422.16,424.3 1 0
github.com/rassakhatsky/intercom-go-sdk/tickets/tickets.go:425.2,425.33 1 1
github.com/rassakhatsky/intercom-go-sdk/tickets/tickets.go:431.93,433.16 2 1
github.com/rassakhatsky/intercom-go-sdk/tickets/tickets.go:433.16,435.3 1 0
github.com/rassakhatsky/intercom-go-sdk/tickets/tickets.go:436.2,436.33 1 1
github.com/rassakhatsky/intercom-go-sdk/tickets/types.go:19.50,21.2 1 1
github.com/rassakhatsky/intercom-go-sdk/tickets/types.go:126.55,128.2 1 1
github.com/rassakhatsky/intercom-go-sdk/tickets/types.go:131.60,133.2 1 1
github.com/rassakhatsky/intercom-go-sdk/tickets/types.go:136.58,138.2 1 1
github.com/rassakhatsky/intercom-go-sdk/tickets/types.go:141.58,143.2 1 1
github.com/rassakhatsky/intercom-go-sdk/tickets/types.go:146.76,148.2 1 1
github.com/rassakhatsky/intercom-go-sdk/tickets/types.go:151.76,153.2 1 1
github.com/rassakhatsky/intercom-go-sdk/tickets/types.go:160.75,162.16 2 1
github.com/rassakhatsky/intercom-go-sdk/tickets/types.go:162.16,164.3 1 0
github.com/rassakhatsky/intercom-go-sdk/tickets/types.go:165.2,165.25 1 1
github.com/rassakhatsky/intercom-go-sdk/tickets/types.go:165.25,167.3 1 1
github.com/rassakhatsky/intercom-go-sdk/tickets/types.go:168.2,168.35 1 1
github.com/rassakhatsky/intercom-go-sdk/tickets/types.go:174.69,176.16 2 1
github.com/rassakhatsky/intercom-go-sdk/tickets/types.go:176.16,178.3 1 0
github.com/rassakhatsky/intercom-go-sdk/tickets/types.go:179.2,179.25 1 1
github.com/rassakhatsky/intercom-go-sdk/tickets/types.go:179.25,181.3 1 0
github.com/rassakhatsky/intercom-go-sdk/tickets/types.go:182.2,182.36 1 1
github.com/rassakhatsky/intercom-go-sdk/tickets/types.go:188.92,190.16 2 1
github.com/rassakhatsky/intercom-go-sdk/tickets/types.go:190.16,192.3 1 0
github.com/rassakhatsky/intercom-go-sdk/tickets/types.go:193.2,193.25 1 1
github.com/rassakhatsky/intercom-go-sdk/tickets/types.go:193.25,195.3 1 1
github.com/rassakhatsky/intercom-go-sdk/tickets/types.go:196.2,196.38 1 1
github.com/rassakhatsky/intercom-go-sdk/tickets/types.go:202.103,204.16 2 1
github.com/rassakhatsky/intercom-go-sdk/tickets/types.go:204.16,206.3 1 0
github.com/rassakhatsky/intercom-go-sdk/tickets/types.go:207.2,207.25 1 1
github.com/rassakhatsky/intercom-go-sdk/tickets/types.go:207.25,209.3 1 0
github.com/rassakhatsky/intercom-go-sdk/tickets/types.go:210.2,210.38 1 1
github.com/rassakhatsky/intercom-go-sdk/tickets/types.go:216.140,218.16 2 1
github.com/rassakhatsky/intercom-go-sdk/tickets/types.go:218.16,220.3 1 0
github.com/rassakhatsky/intercom-go-sdk/tickets/types.go:221.2,221.25 1 1
github.com/rassakhatsky/intercom-go-sdk/tickets/types.go:221.25,223.3 1 0
github.com/rassakhatsky/intercom-go-sdk/tickets/types.go:224.2,224.47 1 1
github.com/rassakhatsky/intercom-go-sdk/tickets/types.go:230.153,232.16 2 1
github.com/rassakhatsky/intercom-go-sdk/tickets/types.go:232.16,234.3 1 0
github.com/rassakhatsky/intercom-go-sdk/tickets/types.go:235.2,235.25 1 1
github.com/rassakhatsky/intercom-go-sdk/tickets/types.go:235.25,237.3 1 0
github.com/rassakhatsky/intercom-go-sdk/tickets/types.go:238.2,238.47 1 1
github.com/rassakhatsky/intercom-go-sdk/tickets/types.go:246.84,248.16 2 1
github.com/rassakhatsky/intercom-go-sdk/tickets/types.go:248.16,250.3 1 0
github.com/rassakhatsky/intercom-go-sdk/tickets/types.go:251.2,251.33 1 1
github.com/rassakhatsky/intercom-go-sdk/tickets/types.go:257.74,259.16 2 1
github.com/rassakhatsky/intercom-go-sdk/tickets/types.go:259.16,261.3 1 0
github.com/rassakhatsky/intercom-go-sdk/tickets/types.go:262.2,262.33 1 1
github.com/rassakhatsky/intercom-go-sdk/tickets/types.go:268.101,270.16 2 1
github.com/rassakhatsky/intercom-go-sdk/tickets/types.go:270.16,272.3 1 0
github.com/rassakhatsky/intercom-go-sdk/tickets/types.go:273.2,273.33 1 1
github.com/rassakhatsky/intercom-go-sdk/tickets/types.go:279.112,281.16 2 1
github.com/rassakhatsky/intercom-go-sdk/tickets/types.go:281.16,283.3 1 0
github.com/rassakhatsky/intercom-go-sdk/tickets/types.go:284.2,284.33 1 1
github.com/rassakhatsky/intercom-go-sdk/tickets/types.go:290.140,292.16 2 1
github.com/rassakhatsky/intercom-go-sdk/tickets/types.go:292.16,294.3 1 0
github.com/rassakhatsky/intercom-go-sdk/tickets/types.go:295.2,295.33 1 1
github.com/rassakhatsky/intercom-go-sdk/tickets/types.go:301.153,303.16 2 1
github.com/rassakhatsky/intercom-go-sdk/tickets/types.go:303.16,305.3 1 0
github.com/rassakhatsky/intercom-go-sdk/tickets/types.go:306.2,306.33 1 1
github.com/rassakhatsky/intercom-go-sdk/workflows/workflows.go:19.40,21.2 1 1
github.com/rassakhatsky/intercom-go-sdk/workflows/workflows.go:52.56,54.2 1 1
github.com/rassakhatsky/intercom-go-sdk/workflows/workflows.go:61.75,63.16 2 1
github.com/rassakhatsky/intercom-go-sdk/workflows/workflows.go:63.16,65.3 1 0
github.com/rassakhatsky/intercom-go-sdk/workflows/workflows.go:66.2,66.25 1 1
github.com/rassakhatsky/intercom-go-sdk/workflows/workflows.go:66.25,68.3 1 1
github.com/rassakhatsky/intercom-go-sdk/workflows/workflows.go:69.2,69.34 1 1
github.com/rassakhatsky/intercom-go-sdk/workflows/workflows.go:78.82,80.16 2 1
github.com/rassakhatsky/intercom-go-sdk/workflows/workflows.go:80.16,82.3 1 0
github.com/rassakhatsky/intercom-go-sdk/workflows/workflows.go:83.2,83.33 1 1
